Performing C SOURCE FILE Test OPT_Wstrict_aliasing_3 failed with the following output:
Change Dir: /Users/tabby/Desktop/projects/C++/MCNameSeeker/build/CMakeFiles/CMakeScratch/TryCompile-GiuQty

Run Build Command(s):/usr/bin/make -f Makefile cmTC_134fa/fast && /Library/Developer/CommandLineTools/usr/bin/make  -f CMakeFiles/cmTC_134fa.dir/build.make CMakeFiles/cmTC_134fa.dir/build
Building C object CMakeFiles/cmTC_134fa.dir/src.c.o
/Library/Developer/CommandLineTools/usr/bin/cc -DOPT_Wstrict_aliasing_3  -pedantic -Wall -W -Wpointer-arith -Wwrite-strings -Wunused -Wshadow -Winline -Wnested-externs -Wmissing-declarations -Wmissing-prototypes -Wfloat-equal -Wsign-compare -Wundef -Wendif-labels -Wstrict-prototypes -Wdeclaration-after-statement  -arch arm64 -isysroot /Library/Developer/CommandLineTools/SDKs/MacOSX13.1.sdk   -Wstrict-aliasing=3 -MD -MT CMakeFiles/cmTC_134fa.dir/src.c.o -MF CMakeFiles/cmTC_134fa.dir/src.c.o.d -o CMakeFiles/cmTC_134fa.dir/src.c.o -c /Users/tabby/Desktop/projects/C++/MCNameSeeker/build/CMakeFiles/CMakeScratch/TryCompile-GiuQty/src.c
warning: unknown warning option '-Wstrict-aliasing=3'; did you mean '-Wstring-plus-int'? [-Wunknown-warning-option]
1 warning generated.
Linking C executable cmTC_134fa
/opt/homebrew/Cellar/cmake/3.25.3/bin/cmake -E cmake_link_script CMakeFiles/cmTC_134fa.dir/link.txt --verbose=1
/Library/Developer/CommandLineTools/usr/bin/cc  -pedantic -Wall -W -Wpointer-arith -Wwrite-strings -Wunused -Wshadow -Winline -Wnested-externs -Wmissing-declarations -Wmissing-prototypes -Wfloat-equal -Wsign-compare -Wundef -Wendif-labels -Wstrict-prototypes -Wdeclaration-after-statement  -arch arm64 -isysroot /Library/Developer/CommandLineTools/SDKs/MacOSX13.1.sdk -Wl,-search_paths_first -Wl,-headerpad_max_install_names -L//Library/Developer/CommandLineTools/SDKs/MacOSX.sdk/usr/include  CMakeFiles/cmTC_134fa.dir/src.c.o -o cmTC_134fa 


Source file was:
int main(void) { return 0; }

Performing C SOURCE FILE Test OPT_Wold_style_declaration failed with the following output:
Change Dir: /Users/tabby/Desktop/projects/C++/MCNameSeeker/build/CMakeFiles/CMakeScratch/TryCompile-rXUc74

Run Build Command(s):/usr/bin/make -f Makefile cmTC_76c50/fast && /Library/Developer/CommandLineTools/usr/bin/make  -f CMakeFiles/cmTC_76c50.dir/build.make CMakeFiles/cmTC_76c50.dir/build
Building C object CMakeFiles/cmTC_76c50.dir/src.c.o
/Library/Developer/CommandLineTools/usr/bin/cc -DOPT_Wold_style_declaration  -pedantic -Wall -W -Wpointer-arith -Wwrite-strings -Wunused -Wshadow -Winline -Wnested-externs -Wmissing-declarations -Wmissing-prototypes -Wfloat-equal -Wsign-compare -Wundef -Wendif-labels -Wstrict-prototypes -Wdeclaration-after-statement -Wcast-align -Wtype-limits  -arch arm64 -isysroot /Library/Developer/CommandLineTools/SDKs/MacOSX13.1.sdk   -Wold-style-declaration -MD -MT CMakeFiles/cmTC_76c50.dir/src.c.o -MF CMakeFiles/cmTC_76c50.dir/src.c.o.d -o CMakeFiles/cmTC_76c50.dir/src.c.o -c /Users/tabby/Desktop/projects/C++/MCNameSeeker/build/CMakeFiles/CMakeScratch/TryCompile-rXUc74/src.c
warning: unknown warning option '-Wold-style-declaration'; did you mean '-Wout-of-line-declaration'? [-Wunknown-warning-option]
1 warning generated.
Linking C executable cmTC_76c50
/opt/homebrew/Cellar/cmake/3.25.3/bin/cmake -E cmake_link_script CMakeFiles/cmTC_76c50.dir/link.txt --verbose=1
/Library/Developer/CommandLineTools/usr/bin/cc  -pedantic -Wall -W -Wpointer-arith -Wwrite-strings -Wunused -Wshadow -Winline -Wnested-externs -Wmissing-declarations -Wmissing-prototypes -Wfloat-equal -Wsign-compare -Wundef -Wendif-labels -Wstrict-prototypes -Wdeclaration-after-statement -Wcast-align -Wtype-limits  -arch arm64 -isysroot /Library/Developer/CommandLineTools/SDKs/MacOSX13.1.sdk -Wl,-search_paths_first -Wl,-headerpad_max_install_names -L//Library/Developer/CommandLineTools/SDKs/MacOSX.sdk/usr/include  CMakeFiles/cmTC_76c50.dir/src.c.o -o cmTC_76c50 


Source file was:
int main(void) { return 0; }

Performing C SOURCE FILE Test OPT_Wmissing_parameter_type failed with the following output:
Change Dir: /Users/tabby/Desktop/projects/C++/MCNameSeeker/build/CMakeFiles/CMakeScratch/TryCompile-rAEky9

Run Build Command(s):/usr/bin/make -f Makefile cmTC_83bdc/fast && /Library/Developer/CommandLineTools/usr/bin/make  -f CMakeFiles/cmTC_83bdc.dir/build.make CMakeFiles/cmTC_83bdc.dir/build
Building C object CMakeFiles/cmTC_83bdc.dir/src.c.o
/Library/Developer/CommandLineTools/usr/bin/cc -DOPT_Wmissing_parameter_type  -pedantic -Wall -W -Wpointer-arith -Wwrite-strings -Wunused -Wshadow -Winline -Wnested-externs -Wmissing-declarations -Wmissing-prototypes -Wfloat-equal -Wsign-compare -Wundef -Wendif-labels -Wstrict-prototypes -Wdeclaration-after-statement -Wcast-align -Wtype-limits  -arch arm64 -isysroot /Library/Developer/CommandLineTools/SDKs/MacOSX13.1.sdk   -Wmissing-parameter-type -MD -MT CMakeFiles/cmTC_83bdc.dir/src.c.o -MF CMakeFiles/cmTC_83bdc.dir/src.c.o.d -o CMakeFiles/cmTC_83bdc.dir/src.c.o -c /Users/tabby/Desktop/projects/C++/MCNameSeeker/build/CMakeFiles/CMakeScratch/TryCompile-rAEky9/src.c
warning: unknown warning option '-Wmissing-parameter-type' [-Wunknown-warning-option]
1 warning generated.
Linking C executable cmTC_83bdc
/opt/homebrew/Cellar/cmake/3.25.3/bin/cmake -E cmake_link_script CMakeFiles/cmTC_83bdc.dir/link.txt --verbose=1
/Library/Developer/CommandLineTools/usr/bin/cc  -pedantic -Wall -W -Wpointer-arith -Wwrite-strings -Wunused -Wshadow -Winline -Wnested-externs -Wmissing-declarations -Wmissing-prototypes -Wfloat-equal -Wsign-compare -Wundef -Wendif-labels -Wstrict-prototypes -Wdeclaration-after-statement -Wcast-align -Wtype-limits  -arch arm64 -isysroot /Library/Developer/CommandLineTools/SDKs/MacOSX13.1.sdk -Wl,-search_paths_first -Wl,-headerpad_max_install_names -L//Library/Developer/CommandLineTools/SDKs/MacOSX.sdk/usr/include  CMakeFiles/cmTC_83bdc.dir/src.c.o -o cmTC_83bdc 


Source file was:
int main(void) { return 0; }

Performing C SOURCE FILE Test OPT_Wclobbered failed with the following output:
Change Dir: /Users/tabby/Desktop/projects/C++/MCNameSeeker/build/CMakeFiles/CMakeScratch/TryCompile-70ATu5

Run Build Command(s):/usr/bin/make -f Makefile cmTC_c32b1/fast && /Library/Developer/CommandLineTools/usr/bin/make  -f CMakeFiles/cmTC_c32b1.dir/build.make CMakeFiles/cmTC_c32b1.dir/build
Building C object CMakeFiles/cmTC_c32b1.dir/src.c.o
/Library/Developer/CommandLineTools/usr/bin/cc -DOPT_Wclobbered  -pedantic -Wall -W -Wpointer-arith -Wwrite-strings -Wunused -Wshadow -Winline -Wnested-externs -Wmissing-declarations -Wmissing-prototypes -Wfloat-equal -Wsign-compare -Wundef -Wendif-labels -Wstrict-prototypes -Wdeclaration-after-statement -Wcast-align -Wtype-limits -Wempty-body  -arch arm64 -isysroot /Library/Developer/CommandLineTools/SDKs/MacOSX13.1.sdk   -Wclobbered -MD -MT CMakeFiles/cmTC_c32b1.dir/src.c.o -MF CMakeFiles/cmTC_c32b1.dir/src.c.o.d -o CMakeFiles/cmTC_c32b1.dir/src.c.o -c /Users/tabby/Desktop/projects/C++/MCNameSeeker/build/CMakeFiles/CMakeScratch/TryCompile-70ATu5/src.c
warning: unknown warning option '-Wclobbered' [-Wunknown-warning-option]
1 warning generated.
Linking C executable cmTC_c32b1
/opt/homebrew/Cellar/cmake/3.25.3/bin/cmake -E cmake_link_script CMakeFiles/cmTC_c32b1.dir/link.txt --verbose=1
/Library/Developer/CommandLineTools/usr/bin/cc  -pedantic -Wall -W -Wpointer-arith -Wwrite-strings -Wunused -Wshadow -Winline -Wnested-externs -Wmissing-declarations -Wmissing-prototypes -Wfloat-equal -Wsign-compare -Wundef -Wendif-labels -Wstrict-prototypes -Wdeclaration-after-statement -Wcast-align -Wtype-limits -Wempty-body  -arch arm64 -isysroot /Library/Developer/CommandLineTools/SDKs/MacOSX13.1.sdk -Wl,-search_paths_first -Wl,-headerpad_max_install_names -L//Library/Developer/CommandLineTools/SDKs/MacOSX.sdk/usr/include  CMakeFiles/cmTC_c32b1.dir/src.c.o -o cmTC_c32b1 


Source file was:
int main(void) { return 0; }

Performing C SOURCE FILE Test OPT_Warith_conversion failed with the following output:
Change Dir: /Users/tabby/Desktop/projects/C++/MCNameSeeker/build/CMakeFiles/CMakeScratch/TryCompile-hyU5UW

Run Build Command(s):/usr/bin/make -f Makefile cmTC_2af6a/fast && /Library/Developer/CommandLineTools/usr/bin/make  -f CMakeFiles/cmTC_2af6a.dir/build.make CMakeFiles/cmTC_2af6a.dir/build
Building C object CMakeFiles/cmTC_2af6a.dir/src.c.o
/Library/Developer/CommandLineTools/usr/bin/cc -DOPT_Warith_conversion  -pedantic -Wall -W -Wpointer-arith -Wwrite-strings -Wunused -Wshadow -Winline -Wnested-externs -Wmissing-declarations -Wmissing-prototypes -Wfloat-equal -Wsign-compare -Wundef -Wendif-labels -Wstrict-prototypes -Wdeclaration-after-statement -Wcast-align -Wtype-limits -Wempty-body -Wignored-qualifiers -Wconversion -Wvla -Wdouble-promotion -Wenum-conversion  -arch arm64 -isysroot /Library/Developer/CommandLineTools/SDKs/MacOSX13.1.sdk   -Warith-conversion -MD -MT CMakeFiles/cmTC_2af6a.dir/src.c.o -MF CMakeFiles/cmTC_2af6a.dir/src.c.o.d -o CMakeFiles/cmTC_2af6a.dir/src.c.o -c /Users/tabby/Desktop/projects/C++/MCNameSeeker/build/CMakeFiles/CMakeScratch/TryCompile-hyU5UW/src.c
warning: unknown warning option '-Warith-conversion' [-Wunknown-warning-option]
1 warning generated.
Linking C executable cmTC_2af6a
/opt/homebrew/Cellar/cmake/3.25.3/bin/cmake -E cmake_link_script CMakeFiles/cmTC_2af6a.dir/link.txt --verbose=1
/Library/Developer/CommandLineTools/usr/bin/cc  -pedantic -Wall -W -Wpointer-arith -Wwrite-strings -Wunused -Wshadow -Winline -Wnested-externs -Wmissing-declarations -Wmissing-prototypes -Wfloat-equal -Wsign-compare -Wundef -Wendif-labels -Wstrict-prototypes -Wdeclaration-after-statement -Wcast-align -Wtype-limits -Wempty-body -Wignored-qualifiers -Wconversion -Wvla -Wdouble-promotion -Wenum-conversion  -arch arm64 -isysroot /Library/Developer/CommandLineTools/SDKs/MacOSX13.1.sdk -Wl,-search_paths_first -Wl,-headerpad_max_install_names -L//Library/Developer/CommandLineTools/SDKs/MacOSX.sdk/usr/include  CMakeFiles/cmTC_2af6a.dir/src.c.o -o cmTC_2af6a 


Source file was:
int main(void) { return 0; }

Performing C SOURCE FILE Test OPTpedantic_ms_format failed with the following output:
Change Dir: /Users/tabby/Desktop/projects/C++/MCNameSeeker/build/CMakeFiles/CMakeScratch/TryCompile-J9SlpJ

Run Build Command(s):/usr/bin/make -f Makefile cmTC_3131a/fast && /Library/Developer/CommandLineTools/usr/bin/make  -f CMakeFiles/cmTC_3131a.dir/build.make CMakeFiles/cmTC_3131a.dir/build
Building C object CMakeFiles/cmTC_3131a.dir/src.c.o
/Library/Developer/CommandLineTools/usr/bin/cc -DOPTpedantic_ms_format  -pedantic -Wall -W -Wpointer-arith -Wwrite-strings -Wunused -Wshadow -Winline -Wnested-externs -Wmissing-declarations -Wmissing-prototypes -Wfloat-equal -Wsign-compare -Wundef -Wendif-labels -Wstrict-prototypes -Wdeclaration-after-statement -Wcast-align -Wtype-limits -Wempty-body -Wignored-qualifiers -Wconversion -Wvla -Wdouble-promotion -Wenum-conversion -Wno-long-long -Wno-multichar -Wno-format-nonliteral -Wno-sign-conversion -Wno-system-headers  -arch arm64 -isysroot /Library/Developer/CommandLineTools/SDKs/MacOSX13.1.sdk   -Wpedantic-ms-format -MD -MT CMakeFiles/cmTC_3131a.dir/src.c.o -MF CMakeFiles/cmTC_3131a.dir/src.c.o.d -o CMakeFiles/cmTC_3131a.dir/src.c.o -c /Users/tabby/Desktop/projects/C++/MCNameSeeker/build/CMakeFiles/CMakeScratch/TryCompile-J9SlpJ/src.c
warning: unknown warning option '-Wpedantic-ms-format'; did you mean '-Wpedantic-macros'? [-Wunknown-warning-option]
1 warning generated.
Linking C executable cmTC_3131a
/opt/homebrew/Cellar/cmake/3.25.3/bin/cmake -E cmake_link_script CMakeFiles/cmTC_3131a.dir/link.txt --verbose=1
/Library/Developer/CommandLineTools/usr/bin/cc  -pedantic -Wall -W -Wpointer-arith -Wwrite-strings -Wunused -Wshadow -Winline -Wnested-externs -Wmissing-declarations -Wmissing-prototypes -Wfloat-equal -Wsign-compare -Wundef -Wendif-labels -Wstrict-prototypes -Wdeclaration-after-statement -Wcast-align -Wtype-limits -Wempty-body -Wignored-qualifiers -Wconversion -Wvla -Wdouble-promotion -Wenum-conversion -Wno-long-long -Wno-multichar -Wno-format-nonliteral -Wno-sign-conversion -Wno-system-headers  -arch arm64 -isysroot /Library/Developer/CommandLineTools/SDKs/MacOSX13.1.sdk -Wl,-search_paths_first -Wl,-headerpad_max_install_names -L//Library/Developer/CommandLineTools/SDKs/MacOSX.sdk/usr/include  CMakeFiles/cmTC_3131a.dir/src.c.o -o cmTC_3131a 


Source file was:
int main(void) { return 0; }

Determining if the function connect exists in the socket;-framework SystemConfiguration failed with the following output:
Change Dir: /Users/tabby/Desktop/projects/C++/MCNameSeeker/build/CMakeFiles/CMakeScratch/TryCompile-EaWuzh

Run Build Command(s):/usr/bin/make -f Makefile cmTC_17693/fast && /Library/Developer/CommandLineTools/usr/bin/make  -f CMakeFiles/cmTC_17693.dir/build.make CMakeFiles/cmTC_17693.dir/build
Building C object CMakeFiles/cmTC_17693.dir/CheckFunctionExists.c.o
/Library/Developer/CommandLineTools/usr/bin/cc   -pedantic -Wall -W -Wpointer-arith -Wwrite-strings -Wunused -Wshadow -Winline -Wnested-externs -Wmissing-declarations -Wmissing-prototypes -Wfloat-equal -Wsign-compare -Wundef -Wendif-labels -Wstrict-prototypes -Wdeclaration-after-statement -Wcast-align -Wtype-limits -Wempty-body -Wignored-qualifiers -Wconversion -Wvla -Wdouble-promotion -Wenum-conversion -Wno-long-long -Wno-multichar -Wno-format-nonliteral -Wno-sign-conversion -Wno-system-headers -DCHECK_FUNCTION_EXISTS=connect -arch arm64 -isysroot /Library/Developer/CommandLineTools/SDKs/MacOSX13.1.sdk -MD -MT CMakeFiles/cmTC_17693.dir/CheckFunctionExists.c.o -MF CMakeFiles/cmTC_17693.dir/CheckFunctionExists.c.o.d -o CMakeFiles/cmTC_17693.dir/CheckFunctionExists.c.o -c /Users/tabby/Desktop/projects/C++/MCNameSeeker/build/CMakeFiles/CMakeScratch/TryCompile-EaWuzh/CheckFunctionExists.c
Linking C executable cmTC_17693
/opt/homebrew/Cellar/cmake/3.25.3/bin/cmake -E cmake_link_script CMakeFiles/cmTC_17693.dir/link.txt --verbose=1
/Library/Developer/CommandLineTools/usr/bin/cc  -pedantic -Wall -W -Wpointer-arith -Wwrite-strings -Wunused -Wshadow -Winline -Wnested-externs -Wmissing-declarations -Wmissing-prototypes -Wfloat-equal -Wsign-compare -Wundef -Wendif-labels -Wstrict-prototypes -Wdeclaration-after-statement -Wcast-align -Wtype-limits -Wempty-body -Wignored-qualifiers -Wconversion -Wvla -Wdouble-promotion -Wenum-conversion -Wno-long-long -Wno-multichar -Wno-format-nonliteral -Wno-sign-conversion -Wno-system-headers -DCHECK_FUNCTION_EXISTS=connect -arch arm64 -isysroot /Library/Developer/CommandLineTools/SDKs/MacOSX13.1.sdk -Wl,-search_paths_first -Wl,-headerpad_max_install_names -L//Library/Developer/CommandLineTools/SDKs/MacOSX.sdk/usr/include  CMakeFiles/cmTC_17693.dir/CheckFunctionExists.c.o -o cmTC_17693  -lsocket -framework SystemConfiguration 
ld: library not found for -lsocket
clang: error: linker command failed with exit code 1 (use -v to see invocation)
make[1]: *** [cmTC_17693] Error 1
make: *** [cmTC_17693/fast] Error 2



Determining if files ldap.h;lber.h;ldap_ssl.h exist failed with the following output:
Change Dir: /Users/tabby/Desktop/projects/C++/MCNameSeeker/build/CMakeFiles/CMakeScratch/TryCompile-hM3Zlk

Run Build Command(s):/usr/bin/make -f Makefile cmTC_3ff38/fast && /Library/Developer/CommandLineTools/usr/bin/make  -f CMakeFiles/cmTC_3ff38.dir/build.make CMakeFiles/cmTC_3ff38.dir/build
Building C object CMakeFiles/cmTC_3ff38.dir/HAVE_LDAP_SSL_H.c.o
/Library/Developer/CommandLineTools/usr/bin/cc -DLDAP_DEPRECATED=1  -pedantic -Wall -W -Wpointer-arith -Wwrite-strings -Wunused -Wshadow -Winline -Wnested-externs -Wmissing-declarations -Wmissing-prototypes -Wfloat-equal -Wsign-compare -Wundef -Wendif-labels -Wstrict-prototypes -Wdeclaration-after-statement -Wcast-align -Wtype-limits -Wempty-body -Wignored-qualifiers -Wconversion -Wvla -Wdouble-promotion -Wenum-conversion -Wno-long-long -Wno-multichar -Wno-format-nonliteral -Wno-sign-conversion -Wno-system-headers  -arch arm64 -isysroot /Library/Developer/CommandLineTools/SDKs/MacOSX13.1.sdk -MD -MT CMakeFiles/cmTC_3ff38.dir/HAVE_LDAP_SSL_H.c.o -MF CMakeFiles/cmTC_3ff38.dir/HAVE_LDAP_SSL_H.c.o.d -o CMakeFiles/cmTC_3ff38.dir/HAVE_LDAP_SSL_H.c.o -c /Users/tabby/Desktop/projects/C++/MCNameSeeker/build/CMakeFiles/CMakeScratch/TryCompile-hM3Zlk/HAVE_LDAP_SSL_H.c
/Users/tabby/Desktop/projects/C++/MCNameSeeker/build/CMakeFiles/CMakeScratch/TryCompile-hM3Zlk/HAVE_LDAP_SSL_H.c:4:10: fatal error: 'ldap_ssl.h' file not found
#include <ldap_ssl.h>
         ^~~~~~~~~~~~
1 error generated.
make[1]: *** [CMakeFiles/cmTC_3ff38.dir/HAVE_LDAP_SSL_H.c.o] Error 1
make: *** [cmTC_3ff38/fast] Error 2


Source:
/* */
#include <ldap.h>
#include <lber.h>
#include <ldap_ssl.h>


int main(void){return 0;}

Determining if the function idn2_lookup_ul exists in the idn2;lber;ldap;-framework SystemConfiguration;-framework CoreFoundation failed with the following output:
Change Dir: /Users/tabby/Desktop/projects/C++/MCNameSeeker/build/CMakeFiles/CMakeScratch/TryCompile-GlRW4n

Run Build Command(s):/usr/bin/make -f Makefile cmTC_4f51f/fast && /Library/Developer/CommandLineTools/usr/bin/make  -f CMakeFiles/cmTC_4f51f.dir/build.make CMakeFiles/cmTC_4f51f.dir/build
Building C object CMakeFiles/cmTC_4f51f.dir/CheckFunctionExists.c.o
/Library/Developer/CommandLineTools/usr/bin/cc -DLDAP_DEPRECATED=1  -pedantic -Wall -W -Wpointer-arith -Wwrite-strings -Wunused -Wshadow -Winline -Wnested-externs -Wmissing-declarations -Wmissing-prototypes -Wfloat-equal -Wsign-compare -Wundef -Wendif-labels -Wstrict-prototypes -Wdeclaration-after-statement -Wcast-align -Wtype-limits -Wempty-body -Wignored-qualifiers -Wconversion -Wvla -Wdouble-promotion -Wenum-conversion -Wno-long-long -Wno-multichar -Wno-format-nonliteral -Wno-sign-conversion -Wno-system-headers -DCHECK_FUNCTION_EXISTS=idn2_lookup_ul -arch arm64 -isysroot /Library/Developer/CommandLineTools/SDKs/MacOSX13.1.sdk -MD -MT CMakeFiles/cmTC_4f51f.dir/CheckFunctionExists.c.o -MF CMakeFiles/cmTC_4f51f.dir/CheckFunctionExists.c.o.d -o CMakeFiles/cmTC_4f51f.dir/CheckFunctionExists.c.o -c /Users/tabby/Desktop/projects/C++/MCNameSeeker/build/CMakeFiles/CMakeScratch/TryCompile-GlRW4n/CheckFunctionExists.c
Linking C executable cmTC_4f51f
/opt/homebrew/Cellar/cmake/3.25.3/bin/cmake -E cmake_link_script CMakeFiles/cmTC_4f51f.dir/link.txt --verbose=1
/Library/Developer/CommandLineTools/usr/bin/cc  -pedantic -Wall -W -Wpointer-arith -Wwrite-strings -Wunused -Wshadow -Winline -Wnested-externs -Wmissing-declarations -Wmissing-prototypes -Wfloat-equal -Wsign-compare -Wundef -Wendif-labels -Wstrict-prototypes -Wdeclaration-after-statement -Wcast-align -Wtype-limits -Wempty-body -Wignored-qualifiers -Wconversion -Wvla -Wdouble-promotion -Wenum-conversion -Wno-long-long -Wno-multichar -Wno-format-nonliteral -Wno-sign-conversion -Wno-system-headers -DCHECK_FUNCTION_EXISTS=idn2_lookup_ul -arch arm64 -isysroot /Library/Developer/CommandLineTools/SDKs/MacOSX13.1.sdk -Wl,-search_paths_first -Wl,-headerpad_max_install_names -L//Library/Developer/CommandLineTools/SDKs/MacOSX.sdk/usr/include  CMakeFiles/cmTC_4f51f.dir/CheckFunctionExists.c.o -o cmTC_4f51f  -lidn2 -llber -lldap -framework SystemConfiguration -framework CoreFoundation 
ld: library not found for -lidn2
clang: error: linker command failed with exit code 1 (use -v to see invocation)
make[1]: *** [cmTC_4f51f] Error 1
make: *** [cmTC_4f51f/fast] Error 2



Determining if files ldap.h;lber.h;inttypes.h;sys/filio.h;sys/ioctl.h;sys/param.h;sys/poll.h;sys/resource.h;sys/select.h;sys/socket.h;sys/sockio.h;sys/stat.h;sys/time.h;sys/types.h;sys/un.h;sys/utime.h exist failed with the following output:
Change Dir: /Users/tabby/Desktop/projects/C++/MCNameSeeker/build/CMakeFiles/CMakeScratch/TryCompile-fTqQWC

Run Build Command(s):/usr/bin/make -f Makefile cmTC_90aba/fast && /Library/Developer/CommandLineTools/usr/bin/make  -f CMakeFiles/cmTC_90aba.dir/build.make CMakeFiles/cmTC_90aba.dir/build
Building C object CMakeFiles/cmTC_90aba.dir/HAVE_SYS_UTIME_H.c.o
/Library/Developer/CommandLineTools/usr/bin/cc -DLDAP_DEPRECATED=1 -I/Library/Developer/CommandLineTools/SDKs/MacOSX13.1.sdk/usr/include -pedantic -Wall -W -Wpointer-arith -Wwrite-strings -Wunused -Wshadow -Winline -Wnested-externs -Wmissing-declarations -Wmissing-prototypes -Wfloat-equal -Wsign-compare -Wundef -Wendif-labels -Wstrict-prototypes -Wdeclaration-after-statement -Wcast-align -Wtype-limits -Wempty-body -Wignored-qualifiers -Wconversion -Wvla -Wdouble-promotion -Wenum-conversion -Wno-long-long -Wno-multichar -Wno-format-nonliteral -Wno-sign-conversion -Wno-system-headers  -arch arm64 -isysroot /Library/Developer/CommandLineTools/SDKs/MacOSX13.1.sdk -MD -MT CMakeFiles/cmTC_90aba.dir/HAVE_SYS_UTIME_H.c.o -MF CMakeFiles/cmTC_90aba.dir/HAVE_SYS_UTIME_H.c.o.d -o CMakeFiles/cmTC_90aba.dir/HAVE_SYS_UTIME_H.c.o -c /Users/tabby/Desktop/projects/C++/MCNameSeeker/build/CMakeFiles/CMakeScratch/TryCompile-fTqQWC/HAVE_SYS_UTIME_H.c
/Users/tabby/Desktop/projects/C++/MCNameSeeker/build/CMakeFiles/CMakeScratch/TryCompile-fTqQWC/HAVE_SYS_UTIME_H.c:17:10: fatal error: 'sys/utime.h' file not found
#include <sys/utime.h>
         ^~~~~~~~~~~~~
1 error generated.
make[1]: *** [CMakeFiles/cmTC_90aba.dir/HAVE_SYS_UTIME_H.c.o] Error 1
make: *** [cmTC_90aba/fast] Error 2


Source:
/* */
#include <ldap.h>
#include <lber.h>
#include <inttypes.h>
#include <sys/filio.h>
#include <sys/ioctl.h>
#include <sys/param.h>
#include <sys/poll.h>
#include <sys/resource.h>
#include <sys/select.h>
#include <sys/socket.h>
#include <sys/sockio.h>
#include <sys/stat.h>
#include <sys/time.h>
#include <sys/types.h>
#include <sys/un.h>
#include <sys/utime.h>


int main(void){return 0;}

Determining if files ldap.h;lber.h;inttypes.h;sys/filio.h;sys/ioctl.h;sys/param.h;sys/poll.h;sys/resource.h;sys/select.h;sys/socket.h;sys/sockio.h;sys/stat.h;sys/time.h;sys/types.h;sys/un.h;sys/xattr.h;arpa/inet.h;arpa/tftp.h;fcntl.h;idn2.h exist failed with the following output:
Change Dir: /Users/tabby/Desktop/projects/C++/MCNameSeeker/build/CMakeFiles/CMakeScratch/TryCompile-C6vNHA

Run Build Command(s):/usr/bin/make -f Makefile cmTC_7351e/fast && /Library/Developer/CommandLineTools/usr/bin/make  -f CMakeFiles/cmTC_7351e.dir/build.make CMakeFiles/cmTC_7351e.dir/build
Building C object CMakeFiles/cmTC_7351e.dir/HAVE_IDN2_H.c.o
/Library/Developer/CommandLineTools/usr/bin/cc -DLDAP_DEPRECATED=1 -I/Library/Developer/CommandLineTools/SDKs/MacOSX13.1.sdk/usr/include -pedantic -Wall -W -Wpointer-arith -Wwrite-strings -Wunused -Wshadow -Winline -Wnested-externs -Wmissing-declarations -Wmissing-prototypes -Wfloat-equal -Wsign-compare -Wundef -Wendif-labels -Wstrict-prototypes -Wdeclaration-after-statement -Wcast-align -Wtype-limits -Wempty-body -Wignored-qualifiers -Wconversion -Wvla -Wdouble-promotion -Wenum-conversion -Wno-long-long -Wno-multichar -Wno-format-nonliteral -Wno-sign-conversion -Wno-system-headers  -arch arm64 -isysroot /Library/Developer/CommandLineTools/SDKs/MacOSX13.1.sdk -MD -MT CMakeFiles/cmTC_7351e.dir/HAVE_IDN2_H.c.o -MF CMakeFiles/cmTC_7351e.dir/HAVE_IDN2_H.c.o.d -o CMakeFiles/cmTC_7351e.dir/HAVE_IDN2_H.c.o -c /Users/tabby/Desktop/projects/C++/MCNameSeeker/build/CMakeFiles/CMakeScratch/TryCompile-C6vNHA/HAVE_IDN2_H.c
/Users/tabby/Desktop/projects/C++/MCNameSeeker/build/CMakeFiles/CMakeScratch/TryCompile-C6vNHA/HAVE_IDN2_H.c:21:10: fatal error: 'idn2.h' file not found
#include <idn2.h>
         ^~~~~~~~
1 error generated.
make[1]: *** [CMakeFiles/cmTC_7351e.dir/HAVE_IDN2_H.c.o] Error 1
make: *** [cmTC_7351e/fast] Error 2


Source:
/* */
#include <ldap.h>
#include <lber.h>
#include <inttypes.h>
#include <sys/filio.h>
#include <sys/ioctl.h>
#include <sys/param.h>
#include <sys/poll.h>
#include <sys/resource.h>
#include <sys/select.h>
#include <sys/socket.h>
#include <sys/sockio.h>
#include <sys/stat.h>
#include <sys/time.h>
#include <sys/types.h>
#include <sys/un.h>
#include <sys/xattr.h>
#include <arpa/inet.h>
#include <arpa/tftp.h>
#include <fcntl.h>
#include <idn2.h>


int main(void){return 0;}

Determining if files ldap.h;lber.h;inttypes.h;sys/filio.h;sys/ioctl.h;sys/param.h;sys/poll.h;sys/resource.h;sys/select.h;sys/socket.h;sys/sockio.h;sys/stat.h;sys/time.h;sys/types.h;sys/un.h;sys/xattr.h;arpa/inet.h;arpa/tftp.h;fcntl.h;ifaddrs.h;io.h exist failed with the following output:
Change Dir: /Users/tabby/Desktop/projects/C++/MCNameSeeker/build/CMakeFiles/CMakeScratch/TryCompile-jETVyl

Run Build Command(s):/usr/bin/make -f Makefile cmTC_e0162/fast && /Library/Developer/CommandLineTools/usr/bin/make  -f CMakeFiles/cmTC_e0162.dir/build.make CMakeFiles/cmTC_e0162.dir/build
Building C object CMakeFiles/cmTC_e0162.dir/HAVE_IO_H.c.o
/Library/Developer/CommandLineTools/usr/bin/cc -DLDAP_DEPRECATED=1 -I/Library/Developer/CommandLineTools/SDKs/MacOSX13.1.sdk/usr/include -pedantic -Wall -W -Wpointer-arith -Wwrite-strings -Wunused -Wshadow -Winline -Wnested-externs -Wmissing-declarations -Wmissing-prototypes -Wfloat-equal -Wsign-compare -Wundef -Wendif-labels -Wstrict-prototypes -Wdeclaration-after-statement -Wcast-align -Wtype-limits -Wempty-body -Wignored-qualifiers -Wconversion -Wvla -Wdouble-promotion -Wenum-conversion -Wno-long-long -Wno-multichar -Wno-format-nonliteral -Wno-sign-conversion -Wno-system-headers  -arch arm64 -isysroot /Library/Developer/CommandLineTools/SDKs/MacOSX13.1.sdk -MD -MT CMakeFiles/cmTC_e0162.dir/HAVE_IO_H.c.o -MF CMakeFiles/cmTC_e0162.dir/HAVE_IO_H.c.o.d -o CMakeFiles/cmTC_e0162.dir/HAVE_IO_H.c.o -c /Users/tabby/Desktop/projects/C++/MCNameSeeker/build/CMakeFiles/CMakeScratch/TryCompile-jETVyl/HAVE_IO_H.c
/Users/tabby/Desktop/projects/C++/MCNameSeeker/build/CMakeFiles/CMakeScratch/TryCompile-jETVyl/HAVE_IO_H.c:22:10: fatal error: 'io.h' file not found
#include <io.h>
         ^~~~~~
1 error generated.
make[1]: *** [CMakeFiles/cmTC_e0162.dir/HAVE_IO_H.c.o] Error 1
make: *** [cmTC_e0162/fast] Error 2


Source:
/* */
#include <ldap.h>
#include <lber.h>
#include <inttypes.h>
#include <sys/filio.h>
#include <sys/ioctl.h>
#include <sys/param.h>
#include <sys/poll.h>
#include <sys/resource.h>
#include <sys/select.h>
#include <sys/socket.h>
#include <sys/sockio.h>
#include <sys/stat.h>
#include <sys/time.h>
#include <sys/types.h>
#include <sys/un.h>
#include <sys/xattr.h>
#include <arpa/inet.h>
#include <arpa/tftp.h>
#include <fcntl.h>
#include <ifaddrs.h>
#include <io.h>


int main(void){return 0;}

Determining if the include file linux/tcp.h exists failed with the following output:
Change Dir: /Users/tabby/Desktop/projects/C++/MCNameSeeker/build/CMakeFiles/CMakeScratch/TryCompile-PIALmw

Run Build Command(s):/usr/bin/make -f Makefile cmTC_7d6d6/fast && /Library/Developer/CommandLineTools/usr/bin/make  -f CMakeFiles/cmTC_7d6d6.dir/build.make CMakeFiles/cmTC_7d6d6.dir/build
Building C object CMakeFiles/cmTC_7d6d6.dir/CheckIncludeFile.c.o
/Library/Developer/CommandLineTools/usr/bin/cc -DLDAP_DEPRECATED=1 -I/Library/Developer/CommandLineTools/SDKs/MacOSX13.1.sdk/usr/include -pedantic -Wall -W -Wpointer-arith -Wwrite-strings -Wunused -Wshadow -Winline -Wnested-externs -Wmissing-declarations -Wmissing-prototypes -Wfloat-equal -Wsign-compare -Wundef -Wendif-labels -Wstrict-prototypes -Wdeclaration-after-statement -Wcast-align -Wtype-limits -Wempty-body -Wignored-qualifiers -Wconversion -Wvla -Wdouble-promotion -Wenum-conversion -Wno-long-long -Wno-multichar -Wno-format-nonliteral -Wno-sign-conversion -Wno-system-headers  -arch arm64 -isysroot /Library/Developer/CommandLineTools/SDKs/MacOSX13.1.sdk -MD -MT CMakeFiles/cmTC_7d6d6.dir/CheckIncludeFile.c.o -MF CMakeFiles/cmTC_7d6d6.dir/CheckIncludeFile.c.o.d -o CMakeFiles/cmTC_7d6d6.dir/CheckIncludeFile.c.o -c /Users/tabby/Desktop/projects/C++/MCNameSeeker/build/CMakeFiles/CMakeScratch/TryCompile-PIALmw/CheckIncludeFile.c
/Users/tabby/Desktop/projects/C++/MCNameSeeker/build/CMakeFiles/CMakeScratch/TryCompile-PIALmw/CheckIncludeFile.c:1:10: fatal error: 'linux/tcp.h' file not found
#include <linux/tcp.h>
         ^~~~~~~~~~~~~
1 error generated.
make[1]: *** [CMakeFiles/cmTC_7d6d6.dir/CheckIncludeFile.c.o] Error 1
make: *** [cmTC_7d6d6/fast] Error 2



Determining if files ldap.h;lber.h;inttypes.h;sys/filio.h;sys/ioctl.h;sys/param.h;sys/poll.h;sys/resource.h;sys/select.h;sys/socket.h;sys/sockio.h;sys/stat.h;sys/time.h;sys/types.h;sys/un.h;sys/xattr.h;arpa/inet.h;arpa/tftp.h;fcntl.h;ifaddrs.h;libgen.h;locale.h;net/if.h;netdb.h;netinet/in.h;netinet/tcp.h;poll.h;pwd.h;setjmp.h;signal.h;ssl.h exist failed with the following output:
Change Dir: /Users/tabby/Desktop/projects/C++/MCNameSeeker/build/CMakeFiles/CMakeScratch/TryCompile-gH7v5Y

Run Build Command(s):/usr/bin/make -f Makefile cmTC_b5512/fast && /Library/Developer/CommandLineTools/usr/bin/make  -f CMakeFiles/cmTC_b5512.dir/build.make CMakeFiles/cmTC_b5512.dir/build
Building C object CMakeFiles/cmTC_b5512.dir/HAVE_SSL_H.c.o
/Library/Developer/CommandLineTools/usr/bin/cc -DLDAP_DEPRECATED=1 -I/Library/Developer/CommandLineTools/SDKs/MacOSX13.1.sdk/usr/include -pedantic -Wall -W -Wpointer-arith -Wwrite-strings -Wunused -Wshadow -Winline -Wnested-externs -Wmissing-declarations -Wmissing-prototypes -Wfloat-equal -Wsign-compare -Wundef -Wendif-labels -Wstrict-prototypes -Wdeclaration-after-statement -Wcast-align -Wtype-limits -Wempty-body -Wignored-qualifiers -Wconversion -Wvla -Wdouble-promotion -Wenum-conversion -Wno-long-long -Wno-multichar -Wno-format-nonliteral -Wno-sign-conversion -Wno-system-headers  -arch arm64 -isysroot /Library/Developer/CommandLineTools/SDKs/MacOSX13.1.sdk -MD -MT CMakeFiles/cmTC_b5512.dir/HAVE_SSL_H.c.o -MF CMakeFiles/cmTC_b5512.dir/HAVE_SSL_H.c.o.d -o CMakeFiles/cmTC_b5512.dir/HAVE_SSL_H.c.o -c /Users/tabby/Desktop/projects/C++/MCNameSeeker/build/CMakeFiles/CMakeScratch/TryCompile-gH7v5Y/HAVE_SSL_H.c
/Users/tabby/Desktop/projects/C++/MCNameSeeker/build/CMakeFiles/CMakeScratch/TryCompile-gH7v5Y/HAVE_SSL_H.c:32:10: fatal error: 'ssl.h' file not found
#include <ssl.h>
         ^~~~~~~
1 error generated.
make[1]: *** [CMakeFiles/cmTC_b5512.dir/HAVE_SSL_H.c.o] Error 1
make: *** [cmTC_b5512/fast] Error 2


Source:
/* */
#include <ldap.h>
#include <lber.h>
#include <inttypes.h>
#include <sys/filio.h>
#include <sys/ioctl.h>
#include <sys/param.h>
#include <sys/poll.h>
#include <sys/resource.h>
#include <sys/select.h>
#include <sys/socket.h>
#include <sys/sockio.h>
#include <sys/stat.h>
#include <sys/time.h>
#include <sys/types.h>
#include <sys/un.h>
#include <sys/xattr.h>
#include <arpa/inet.h>
#include <arpa/tftp.h>
#include <fcntl.h>
#include <ifaddrs.h>
#include <libgen.h>
#include <locale.h>
#include <net/if.h>
#include <netdb.h>
#include <netinet/in.h>
#include <netinet/tcp.h>
#include <poll.h>
#include <pwd.h>
#include <setjmp.h>
#include <signal.h>
#include <ssl.h>


int main(void){return 0;}

Determining if files ldap.h;lber.h;inttypes.h;sys/filio.h;sys/ioctl.h;sys/param.h;sys/poll.h;sys/resource.h;sys/select.h;sys/socket.h;sys/sockio.h;sys/stat.h;sys/time.h;sys/types.h;sys/un.h;sys/xattr.h;arpa/inet.h;arpa/tftp.h;fcntl.h;ifaddrs.h;libgen.h;locale.h;net/if.h;netdb.h;netinet/in.h;netinet/tcp.h;poll.h;pwd.h;setjmp.h;signal.h;stdatomic.h;stdbool.h;stdint.h;stdlib.h;string.h;strings.h;stropts.h exist failed with the following output:
Change Dir: /Users/tabby/Desktop/projects/C++/MCNameSeeker/build/CMakeFiles/CMakeScratch/TryCompile-OFMOYW

Run Build Command(s):/usr/bin/make -f Makefile cmTC_ab992/fast && /Library/Developer/CommandLineTools/usr/bin/make  -f CMakeFiles/cmTC_ab992.dir/build.make CMakeFiles/cmTC_ab992.dir/build
Building C object CMakeFiles/cmTC_ab992.dir/HAVE_STROPTS_H.c.o
/Library/Developer/CommandLineTools/usr/bin/cc -DLDAP_DEPRECATED=1 -I/Library/Developer/CommandLineTools/SDKs/MacOSX13.1.sdk/usr/include -pedantic -Wall -W -Wpointer-arith -Wwrite-strings -Wunused -Wshadow -Winline -Wnested-externs -Wmissing-declarations -Wmissing-prototypes -Wfloat-equal -Wsign-compare -Wundef -Wendif-labels -Wstrict-prototypes -Wdeclaration-after-statement -Wcast-align -Wtype-limits -Wempty-body -Wignored-qualifiers -Wconversion -Wvla -Wdouble-promotion -Wenum-conversion -Wno-long-long -Wno-multichar -Wno-format-nonliteral -Wno-sign-conversion -Wno-system-headers  -arch arm64 -isysroot /Library/Developer/CommandLineTools/SDKs/MacOSX13.1.sdk -MD -MT CMakeFiles/cmTC_ab992.dir/HAVE_STROPTS_H.c.o -MF CMakeFiles/cmTC_ab992.dir/HAVE_STROPTS_H.c.o.d -o CMakeFiles/cmTC_ab992.dir/HAVE_STROPTS_H.c.o -c /Users/tabby/Desktop/projects/C++/MCNameSeeker/build/CMakeFiles/CMakeScratch/TryCompile-OFMOYW/HAVE_STROPTS_H.c
/Users/tabby/Desktop/projects/C++/MCNameSeeker/build/CMakeFiles/CMakeScratch/TryCompile-OFMOYW/HAVE_STROPTS_H.c:38:10: fatal error: 'stropts.h' file not found
#include <stropts.h>
         ^~~~~~~~~~~
1 error generated.
make[1]: *** [CMakeFiles/cmTC_ab992.dir/HAVE_STROPTS_H.c.o] Error 1
make: *** [cmTC_ab992/fast] Error 2


Source:
/* */
#include <ldap.h>
#include <lber.h>
#include <inttypes.h>
#include <sys/filio.h>
#include <sys/ioctl.h>
#include <sys/param.h>
#include <sys/poll.h>
#include <sys/resource.h>
#include <sys/select.h>
#include <sys/socket.h>
#include <sys/sockio.h>
#include <sys/stat.h>
#include <sys/time.h>
#include <sys/types.h>
#include <sys/un.h>
#include <sys/xattr.h>
#include <arpa/inet.h>
#include <arpa/tftp.h>
#include <fcntl.h>
#include <ifaddrs.h>
#include <libgen.h>
#include <locale.h>
#include <net/if.h>
#include <netdb.h>
#include <netinet/in.h>
#include <netinet/tcp.h>
#include <poll.h>
#include <pwd.h>
#include <setjmp.h>
#include <signal.h>
#include <stdatomic.h>
#include <stdbool.h>
#include <stdint.h>
#include <stdlib.h>
#include <string.h>
#include <strings.h>
#include <stropts.h>


int main(void){return 0;}

Determining if files ldap.h;lber.h;inttypes.h;sys/filio.h;sys/ioctl.h;sys/param.h;sys/poll.h;sys/resource.h;sys/select.h;sys/socket.h;sys/sockio.h;sys/stat.h;sys/time.h;sys/types.h;sys/un.h;sys/xattr.h;arpa/inet.h;arpa/tftp.h;fcntl.h;ifaddrs.h;libgen.h;locale.h;net/if.h;netdb.h;netinet/in.h;netinet/tcp.h;poll.h;pwd.h;setjmp.h;signal.h;stdatomic.h;stdbool.h;stdint.h;stdlib.h;string.h;strings.h;termio.h exist failed with the following output:
Change Dir: /Users/tabby/Desktop/projects/C++/MCNameSeeker/build/CMakeFiles/CMakeScratch/TryCompile-5sC4gt

Run Build Command(s):/usr/bin/make -f Makefile cmTC_cbb6e/fast && /Library/Developer/CommandLineTools/usr/bin/make  -f CMakeFiles/cmTC_cbb6e.dir/build.make CMakeFiles/cmTC_cbb6e.dir/build
Building C object CMakeFiles/cmTC_cbb6e.dir/HAVE_TERMIO_H.c.o
/Library/Developer/CommandLineTools/usr/bin/cc -DLDAP_DEPRECATED=1 -I/Library/Developer/CommandLineTools/SDKs/MacOSX13.1.sdk/usr/include -pedantic -Wall -W -Wpointer-arith -Wwrite-strings -Wunused -Wshadow -Winline -Wnested-externs -Wmissing-declarations -Wmissing-prototypes -Wfloat-equal -Wsign-compare -Wundef -Wendif-labels -Wstrict-prototypes -Wdeclaration-after-statement -Wcast-align -Wtype-limits -Wempty-body -Wignored-qualifiers -Wconversion -Wvla -Wdouble-promotion -Wenum-conversion -Wno-long-long -Wno-multichar -Wno-format-nonliteral -Wno-sign-conversion -Wno-system-headers  -arch arm64 -isysroot /Library/Developer/CommandLineTools/SDKs/MacOSX13.1.sdk -MD -MT CMakeFiles/cmTC_cbb6e.dir/HAVE_TERMIO_H.c.o -MF CMakeFiles/cmTC_cbb6e.dir/HAVE_TERMIO_H.c.o.d -o CMakeFiles/cmTC_cbb6e.dir/HAVE_TERMIO_H.c.o -c /Users/tabby/Desktop/projects/C++/MCNameSeeker/build/CMakeFiles/CMakeScratch/TryCompile-5sC4gt/HAVE_TERMIO_H.c
/Users/tabby/Desktop/projects/C++/MCNameSeeker/build/CMakeFiles/CMakeScratch/TryCompile-5sC4gt/HAVE_TERMIO_H.c:38:10: fatal error: 'termio.h' file not found
#include <termio.h>
         ^~~~~~~~~~
1 error generated.
make[1]: *** [CMakeFiles/cmTC_cbb6e.dir/HAVE_TERMIO_H.c.o] Error 1
make: *** [cmTC_cbb6e/fast] Error 2


Source:
/* */
#include <ldap.h>
#include <lber.h>
#include <inttypes.h>
#include <sys/filio.h>
#include <sys/ioctl.h>
#include <sys/param.h>
#include <sys/poll.h>
#include <sys/resource.h>
#include <sys/select.h>
#include <sys/socket.h>
#include <sys/sockio.h>
#include <sys/stat.h>
#include <sys/time.h>
#include <sys/types.h>
#include <sys/un.h>
#include <sys/xattr.h>
#include <arpa/inet.h>
#include <arpa/tftp.h>
#include <fcntl.h>
#include <ifaddrs.h>
#include <libgen.h>
#include <locale.h>
#include <net/if.h>
#include <netdb.h>
#include <netinet/in.h>
#include <netinet/tcp.h>
#include <poll.h>
#include <pwd.h>
#include <setjmp.h>
#include <signal.h>
#include <stdatomic.h>
#include <stdbool.h>
#include <stdint.h>
#include <stdlib.h>
#include <string.h>
#include <strings.h>
#include <termio.h>


int main(void){return 0;}

Determining size of __int64 failed with the following output:
Change Dir: /Users/tabby/Desktop/projects/C++/MCNameSeeker/build/CMakeFiles/CMakeScratch/TryCompile-XdpmZT

Run Build Command(s):/usr/bin/make -f Makefile cmTC_4f59a/fast && /Library/Developer/CommandLineTools/usr/bin/make  -f CMakeFiles/cmTC_4f59a.dir/build.make CMakeFiles/cmTC_4f59a.dir/build
Building C object CMakeFiles/cmTC_4f59a.dir/SIZEOF___INT64.c.o
/Library/Developer/CommandLineTools/usr/bin/cc -DLDAP_DEPRECATED=1 -I/Library/Developer/CommandLineTools/SDKs/MacOSX13.1.sdk/usr/include -pedantic -Wall -W -Wpointer-arith -Wwrite-strings -Wunused -Wshadow -Winline -Wnested-externs -Wmissing-declarations -Wmissing-prototypes -Wfloat-equal -Wsign-compare -Wundef -Wendif-labels -Wstrict-prototypes -Wdeclaration-after-statement -Wcast-align -Wtype-limits -Wempty-body -Wignored-qualifiers -Wconversion -Wvla -Wdouble-promotion -Wenum-conversion -Wno-long-long -Wno-multichar -Wno-format-nonliteral -Wno-sign-conversion -Wno-system-headers  -arch arm64 -isysroot /Library/Developer/CommandLineTools/SDKs/MacOSX13.1.sdk -MD -MT CMakeFiles/cmTC_4f59a.dir/SIZEOF___INT64.c.o -MF CMakeFiles/cmTC_4f59a.dir/SIZEOF___INT64.c.o.d -o CMakeFiles/cmTC_4f59a.dir/SIZEOF___INT64.c.o -c /Users/tabby/Desktop/projects/C++/MCNameSeeker/build/CMakeFiles/CMakeScratch/TryCompile-XdpmZT/SIZEOF___INT64.c
/Users/tabby/Desktop/projects/C++/MCNameSeeker/build/CMakeFiles/CMakeScratch/TryCompile-XdpmZT/SIZEOF___INT64.c:29:12: error: use of undeclared identifier '__int64'
  ('0' + ((SIZE / 10000)%10)),
           ^
/Users/tabby/Desktop/projects/C++/MCNameSeeker/build/CMakeFiles/CMakeScratch/TryCompile-XdpmZT/SIZEOF___INT64.c:27:22: note: expanded from macro 'SIZE'
#define SIZE (sizeof(__int64))
                     ^
/Users/tabby/Desktop/projects/C++/MCNameSeeker/build/CMakeFiles/CMakeScratch/TryCompile-XdpmZT/SIZEOF___INT64.c:30:12: error: use of undeclared identifier '__int64'
  ('0' + ((SIZE / 1000)%10)),
           ^
/Users/tabby/Desktop/projects/C++/MCNameSeeker/build/CMakeFiles/CMakeScratch/TryCompile-XdpmZT/SIZEOF___INT64.c:27:22: note: expanded from macro 'SIZE'
#define SIZE (sizeof(__int64))
                     ^
/Users/tabby/Desktop/projects/C++/MCNameSeeker/build/CMakeFiles/CMakeScratch/TryCompile-XdpmZT/SIZEOF___INT64.c:31:12: error: use of undeclared identifier '__int64'
  ('0' + ((SIZE / 100)%10)),
           ^
/Users/tabby/Desktop/projects/C++/MCNameSeeker/build/CMakeFiles/CMakeScratch/TryCompile-XdpmZT/SIZEOF___INT64.c:27:22: note: expanded from macro 'SIZE'
#define SIZE (sizeof(__int64))
                     ^
/Users/tabby/Desktop/projects/C++/MCNameSeeker/build/CMakeFiles/CMakeScratch/TryCompile-XdpmZT/SIZEOF___INT64.c:32:12: error: use of undeclared identifier '__int64'
  ('0' + ((SIZE / 10)%10)),
           ^
/Users/tabby/Desktop/projects/C++/MCNameSeeker/build/CMakeFiles/CMakeScratch/TryCompile-XdpmZT/SIZEOF___INT64.c:27:22: note: expanded from macro 'SIZE'
#define SIZE (sizeof(__int64))
                     ^
/Users/tabby/Desktop/projects/C++/MCNameSeeker/build/CMakeFiles/CMakeScratch/TryCompile-XdpmZT/SIZEOF___INT64.c:33:12: error: use of undeclared identifier '__int64'
  ('0' +  (SIZE    % 10)),
           ^
/Users/tabby/Desktop/projects/C++/MCNameSeeker/build/CMakeFiles/CMakeScratch/TryCompile-XdpmZT/SIZEOF___INT64.c:27:22: note: expanded from macro 'SIZE'
#define SIZE (sizeof(__int64))
                     ^
5 errors generated.
make[1]: *** [CMakeFiles/cmTC_4f59a.dir/SIZEOF___INT64.c.o] Error 1
make: *** [cmTC_4f59a/fast] Error 2


SIZEOF___INT64.c:
#include <sys/types.h>
#include <stdint.h>
#include <stddef.h>


#undef KEY
#if defined(__i386)
# define KEY '_','_','i','3','8','6'
#elif defined(__x86_64)
# define KEY '_','_','x','8','6','_','6','4'
#elif defined(__PPC64__)
# define KEY '_','_','P','P','C','6','4','_','_'
#elif defined(__ppc64__)
# define KEY '_','_','p','p','c','6','4','_','_'
#elif defined(__PPC__)
# define KEY '_','_','P','P','C','_','_'
#elif defined(__ppc__)
# define KEY '_','_','p','p','c','_','_'
#elif defined(__aarch64__)
# define KEY '_','_','a','a','r','c','h','6','4','_','_'
#elif defined(__ARM_ARCH_7A__)
# define KEY '_','_','A','R','M','_','A','R','C','H','_','7','A','_','_'
#elif defined(__ARM_ARCH_7S__)
# define KEY '_','_','A','R','M','_','A','R','C','H','_','7','S','_','_'
#endif

#define SIZE (sizeof(__int64))
static char info_size[] =  {'I', 'N', 'F', 'O', ':', 's','i','z','e','[',
  ('0' + ((SIZE / 10000)%10)),
  ('0' + ((SIZE / 1000)%10)),
  ('0' + ((SIZE / 100)%10)),
  ('0' + ((SIZE / 10)%10)),
  ('0' +  (SIZE    % 10)),
  ']',
#ifdef KEY
  ' ','k','e','y','[', KEY, ']',
#endif
  '\0'};

#ifdef __CLASSIC_C__
int main(argc, argv) int argc; char *argv[];
#else
int main(int argc, char *argv[])
#endif
{
  int require = 0;
  require += info_size[argc];
  (void)argv;
  return require;
}


Determining if the stricmp exist failed with the following output:
Change Dir: /Users/tabby/Desktop/projects/C++/MCNameSeeker/build/CMakeFiles/CMakeScratch/TryCompile-fUiOuo

Run Build Command(s):/usr/bin/make -f Makefile cmTC_74fe3/fast && /Library/Developer/CommandLineTools/usr/bin/make  -f CMakeFiles/cmTC_74fe3.dir/build.make CMakeFiles/cmTC_74fe3.dir/build
Building C object CMakeFiles/cmTC_74fe3.dir/CheckSymbolExists.c.o
/Library/Developer/CommandLineTools/usr/bin/cc -DLDAP_DEPRECATED=1 -I/Library/Developer/CommandLineTools/SDKs/MacOSX13.1.sdk/usr/include -pedantic -Wall -W -Wpointer-arith -Wwrite-strings -Wunused -Wshadow -Winline -Wnested-externs -Wmissing-declarations -Wmissing-prototypes -Wfloat-equal -Wsign-compare -Wundef -Wendif-labels -Wstrict-prototypes -Wdeclaration-after-statement -Wcast-align -Wtype-limits -Wempty-body -Wignored-qualifiers -Wconversion -Wvla -Wdouble-promotion -Wenum-conversion -Wno-long-long -Wno-multichar -Wno-format-nonliteral -Wno-sign-conversion -Wno-system-headers  -arch arm64 -isysroot /Library/Developer/CommandLineTools/SDKs/MacOSX13.1.sdk -MD -MT CMakeFiles/cmTC_74fe3.dir/CheckSymbolExists.c.o -MF CMakeFiles/cmTC_74fe3.dir/CheckSymbolExists.c.o.d -o CMakeFiles/cmTC_74fe3.dir/CheckSymbolExists.c.o -c /Users/tabby/Desktop/projects/C++/MCNameSeeker/build/CMakeFiles/CMakeScratch/TryCompile-fUiOuo/CheckSymbolExists.c
/Users/tabby/Desktop/projects/C++/MCNameSeeker/build/CMakeFiles/CMakeScratch/TryCompile-fUiOuo/CheckSymbolExists.c:50:19: error: use of undeclared identifier 'stricmp'
  return ((int*)(&stricmp))[argc];
                  ^
1 error generated.
make[1]: *** [CMakeFiles/cmTC_74fe3.dir/CheckSymbolExists.c.o] Error 1
make: *** [cmTC_74fe3/fast] Error 2


File CheckSymbolExists.c:
/* */
#include <ldap.h>
#include <lber.h>
#include <inttypes.h>
#include <sys/filio.h>
#include <sys/ioctl.h>
#include <sys/param.h>
#include <sys/poll.h>
#include <sys/resource.h>
#include <sys/select.h>
#include <sys/socket.h>
#include <sys/sockio.h>
#include <sys/stat.h>
#include <sys/time.h>
#include <sys/types.h>
#include <sys/un.h>
#include <sys/xattr.h>
#include <arpa/inet.h>
#include <arpa/tftp.h>
#include <fcntl.h>
#include <ifaddrs.h>
#include <libgen.h>
#include <locale.h>
#include <net/if.h>
#include <netdb.h>
#include <netinet/in.h>
#include <netinet/tcp.h>
#include <poll.h>
#include <pwd.h>
#include <setjmp.h>
#include <signal.h>
#include <stdatomic.h>
#include <stdbool.h>
#include <stdint.h>
#include <stdlib.h>
#include <string.h>
#include <strings.h>
#include <termios.h>
#include <time.h>
#include <unistd.h>
#include <utime.h>
#include <stddef.h>
#include <stdint.h>
#include <sys/utsname.h>

int main(int argc, char** argv)
{
  (void)argv;
#ifndef stricmp
  return ((int*)(&stricmp))[argc];
#else
  (void)argc;
  return 0;
#endif
}

Determining if the strcmpi exist failed with the following output:
Change Dir: /Users/tabby/Desktop/projects/C++/MCNameSeeker/build/CMakeFiles/CMakeScratch/TryCompile-PYx3iM

Run Build Command(s):/usr/bin/make -f Makefile cmTC_b302e/fast && /Library/Developer/CommandLineTools/usr/bin/make  -f CMakeFiles/cmTC_b302e.dir/build.make CMakeFiles/cmTC_b302e.dir/build
Building C object CMakeFiles/cmTC_b302e.dir/CheckSymbolExists.c.o
/Library/Developer/CommandLineTools/usr/bin/cc -DLDAP_DEPRECATED=1 -I/Library/Developer/CommandLineTools/SDKs/MacOSX13.1.sdk/usr/include -pedantic -Wall -W -Wpointer-arith -Wwrite-strings -Wunused -Wshadow -Winline -Wnested-externs -Wmissing-declarations -Wmissing-prototypes -Wfloat-equal -Wsign-compare -Wundef -Wendif-labels -Wstrict-prototypes -Wdeclaration-after-statement -Wcast-align -Wtype-limits -Wempty-body -Wignored-qualifiers -Wconversion -Wvla -Wdouble-promotion -Wenum-conversion -Wno-long-long -Wno-multichar -Wno-format-nonliteral -Wno-sign-conversion -Wno-system-headers  -arch arm64 -isysroot /Library/Developer/CommandLineTools/SDKs/MacOSX13.1.sdk -MD -MT CMakeFiles/cmTC_b302e.dir/CheckSymbolExists.c.o -MF CMakeFiles/cmTC_b302e.dir/CheckSymbolExists.c.o.d -o CMakeFiles/cmTC_b302e.dir/CheckSymbolExists.c.o -c /Users/tabby/Desktop/projects/C++/MCNameSeeker/build/CMakeFiles/CMakeScratch/TryCompile-PYx3iM/CheckSymbolExists.c
/Users/tabby/Desktop/projects/C++/MCNameSeeker/build/CMakeFiles/CMakeScratch/TryCompile-PYx3iM/CheckSymbolExists.c:50:19: error: use of undeclared identifier 'strcmpi'; did you mean 'strcmp'?
  return ((int*)(&strcmpi))[argc];
                  ^~~~~~~
                  strcmp
/Library/Developer/CommandLineTools/SDKs/MacOSX13.1.sdk/usr/include/string.h:77:6: note: 'strcmp' declared here
int      strcmp(const char *__s1, const char *__s2);
         ^
1 error generated.
make[1]: *** [CMakeFiles/cmTC_b302e.dir/CheckSymbolExists.c.o] Error 1
make: *** [cmTC_b302e/fast] Error 2


File CheckSymbolExists.c:
/* */
#include <ldap.h>
#include <lber.h>
#include <inttypes.h>
#include <sys/filio.h>
#include <sys/ioctl.h>
#include <sys/param.h>
#include <sys/poll.h>
#include <sys/resource.h>
#include <sys/select.h>
#include <sys/socket.h>
#include <sys/sockio.h>
#include <sys/stat.h>
#include <sys/time.h>
#include <sys/types.h>
#include <sys/un.h>
#include <sys/xattr.h>
#include <arpa/inet.h>
#include <arpa/tftp.h>
#include <fcntl.h>
#include <ifaddrs.h>
#include <libgen.h>
#include <locale.h>
#include <net/if.h>
#include <netdb.h>
#include <netinet/in.h>
#include <netinet/tcp.h>
#include <poll.h>
#include <pwd.h>
#include <setjmp.h>
#include <signal.h>
#include <stdatomic.h>
#include <stdbool.h>
#include <stdint.h>
#include <stdlib.h>
#include <string.h>
#include <strings.h>
#include <termios.h>
#include <time.h>
#include <unistd.h>
#include <utime.h>
#include <stddef.h>
#include <stdint.h>
#include <sys/utsname.h>

int main(int argc, char** argv)
{
  (void)argv;
#ifndef strcmpi
  return ((int*)(&strcmpi))[argc];
#else
  (void)argc;
  return 0;
#endif
}

Determining if the closesocket exist failed with the following output:
Change Dir: /Users/tabby/Desktop/projects/C++/MCNameSeeker/build/CMakeFiles/CMakeScratch/TryCompile-lbxE6j

Run Build Command(s):/usr/bin/make -f Makefile cmTC_4a64e/fast && /Library/Developer/CommandLineTools/usr/bin/make  -f CMakeFiles/cmTC_4a64e.dir/build.make CMakeFiles/cmTC_4a64e.dir/build
Building C object CMakeFiles/cmTC_4a64e.dir/CheckSymbolExists.c.o
/Library/Developer/CommandLineTools/usr/bin/cc -DLDAP_DEPRECATED=1 -I/Library/Developer/CommandLineTools/SDKs/MacOSX13.1.sdk/usr/include -pedantic -Wall -W -Wpointer-arith -Wwrite-strings -Wunused -Wshadow -Winline -Wnested-externs -Wmissing-declarations -Wmissing-prototypes -Wfloat-equal -Wsign-compare -Wundef -Wendif-labels -Wstrict-prototypes -Wdeclaration-after-statement -Wcast-align -Wtype-limits -Wempty-body -Wignored-qualifiers -Wconversion -Wvla -Wdouble-promotion -Wenum-conversion -Wno-long-long -Wno-multichar -Wno-format-nonliteral -Wno-sign-conversion -Wno-system-headers  -arch arm64 -isysroot /Library/Developer/CommandLineTools/SDKs/MacOSX13.1.sdk -MD -MT CMakeFiles/cmTC_4a64e.dir/CheckSymbolExists.c.o -MF CMakeFiles/cmTC_4a64e.dir/CheckSymbolExists.c.o.d -o CMakeFiles/cmTC_4a64e.dir/CheckSymbolExists.c.o -c /Users/tabby/Desktop/projects/C++/MCNameSeeker/build/CMakeFiles/CMakeScratch/TryCompile-lbxE6j/CheckSymbolExists.c
/Users/tabby/Desktop/projects/C++/MCNameSeeker/build/CMakeFiles/CMakeScratch/TryCompile-lbxE6j/CheckSymbolExists.c:50:19: error: use of undeclared identifier 'closesocket'
  return ((int*)(&closesocket))[argc];
                  ^
1 error generated.
make[1]: *** [CMakeFiles/cmTC_4a64e.dir/CheckSymbolExists.c.o] Error 1
make: *** [cmTC_4a64e/fast] Error 2


File CheckSymbolExists.c:
/* */
#include <ldap.h>
#include <lber.h>
#include <inttypes.h>
#include <sys/filio.h>
#include <sys/ioctl.h>
#include <sys/param.h>
#include <sys/poll.h>
#include <sys/resource.h>
#include <sys/select.h>
#include <sys/socket.h>
#include <sys/sockio.h>
#include <sys/stat.h>
#include <sys/time.h>
#include <sys/types.h>
#include <sys/un.h>
#include <sys/xattr.h>
#include <arpa/inet.h>
#include <arpa/tftp.h>
#include <fcntl.h>
#include <ifaddrs.h>
#include <libgen.h>
#include <locale.h>
#include <net/if.h>
#include <netdb.h>
#include <netinet/in.h>
#include <netinet/tcp.h>
#include <poll.h>
#include <pwd.h>
#include <setjmp.h>
#include <signal.h>
#include <stdatomic.h>
#include <stdbool.h>
#include <stdint.h>
#include <stdlib.h>
#include <string.h>
#include <strings.h>
#include <termios.h>
#include <time.h>
#include <unistd.h>
#include <utime.h>
#include <stddef.h>
#include <stdint.h>
#include <sys/utsname.h>

int main(int argc, char** argv)
{
  (void)argv;
#ifndef closesocket
  return ((int*)(&closesocket))[argc];
#else
  (void)argc;
  return 0;
#endif
}

Determining if the getpass_r exist failed with the following output:
Change Dir: /Users/tabby/Desktop/projects/C++/MCNameSeeker/build/CMakeFiles/CMakeScratch/TryCompile-aVlp5O

Run Build Command(s):/usr/bin/make -f Makefile cmTC_2aa1c/fast && /Library/Developer/CommandLineTools/usr/bin/make  -f CMakeFiles/cmTC_2aa1c.dir/build.make CMakeFiles/cmTC_2aa1c.dir/build
Building C object CMakeFiles/cmTC_2aa1c.dir/CheckSymbolExists.c.o
/Library/Developer/CommandLineTools/usr/bin/cc -DLDAP_DEPRECATED=1 -I/Library/Developer/CommandLineTools/SDKs/MacOSX13.1.sdk/usr/include -pedantic -Wall -W -Wpointer-arith -Wwrite-strings -Wunused -Wshadow -Winline -Wnested-externs -Wmissing-declarations -Wmissing-prototypes -Wfloat-equal -Wsign-compare -Wundef -Wendif-labels -Wstrict-prototypes -Wdeclaration-after-statement -Wcast-align -Wtype-limits -Wempty-body -Wignored-qualifiers -Wconversion -Wvla -Wdouble-promotion -Wenum-conversion -Wno-long-long -Wno-multichar -Wno-format-nonliteral -Wno-sign-conversion -Wno-system-headers  -arch arm64 -isysroot /Library/Developer/CommandLineTools/SDKs/MacOSX13.1.sdk -MD -MT CMakeFiles/cmTC_2aa1c.dir/CheckSymbolExists.c.o -MF CMakeFiles/cmTC_2aa1c.dir/CheckSymbolExists.c.o.d -o CMakeFiles/cmTC_2aa1c.dir/CheckSymbolExists.c.o -c /Users/tabby/Desktop/projects/C++/MCNameSeeker/build/CMakeFiles/CMakeScratch/TryCompile-aVlp5O/CheckSymbolExists.c
/Users/tabby/Desktop/projects/C++/MCNameSeeker/build/CMakeFiles/CMakeScratch/TryCompile-aVlp5O/CheckSymbolExists.c:50:19: error: use of undeclared identifier 'getpass_r'; did you mean 'getpass'?
  return ((int*)(&getpass_r))[argc];
                  ^~~~~~~~~
                  getpass
/Library/Developer/CommandLineTools/SDKs/MacOSX13.1.sdk/usr/include/unistd.h:559:7: note: 'getpass' declared here
char    *getpass(const char *) __POSIX_C_DEPRECATED(199506L);
         ^
1 error generated.
make[1]: *** [CMakeFiles/cmTC_2aa1c.dir/CheckSymbolExists.c.o] Error 1
make: *** [cmTC_2aa1c/fast] Error 2


File CheckSymbolExists.c:
/* */
#include <ldap.h>
#include <lber.h>
#include <inttypes.h>
#include <sys/filio.h>
#include <sys/ioctl.h>
#include <sys/param.h>
#include <sys/poll.h>
#include <sys/resource.h>
#include <sys/select.h>
#include <sys/socket.h>
#include <sys/sockio.h>
#include <sys/stat.h>
#include <sys/time.h>
#include <sys/types.h>
#include <sys/un.h>
#include <sys/xattr.h>
#include <arpa/inet.h>
#include <arpa/tftp.h>
#include <fcntl.h>
#include <ifaddrs.h>
#include <libgen.h>
#include <locale.h>
#include <net/if.h>
#include <netdb.h>
#include <netinet/in.h>
#include <netinet/tcp.h>
#include <poll.h>
#include <pwd.h>
#include <setjmp.h>
#include <signal.h>
#include <stdatomic.h>
#include <stdbool.h>
#include <stdint.h>
#include <stdlib.h>
#include <string.h>
#include <strings.h>
#include <termios.h>
#include <time.h>
#include <unistd.h>
#include <utime.h>
#include <stddef.h>
#include <stdint.h>
#include <sys/utsname.h>

int main(int argc, char** argv)
{
  (void)argv;
#ifndef getpass_r
  return ((int*)(&getpass_r))[argc];
#else
  (void)argc;
  return 0;
#endif
}

Determining if the gethostbyname_r exist failed with the following output:
Change Dir: /Users/tabby/Desktop/projects/C++/MCNameSeeker/build/CMakeFiles/CMakeScratch/TryCompile-U8hWxw

Run Build Command(s):/usr/bin/make -f Makefile cmTC_7aef4/fast && /Library/Developer/CommandLineTools/usr/bin/make  -f CMakeFiles/cmTC_7aef4.dir/build.make CMakeFiles/cmTC_7aef4.dir/build
Building C object CMakeFiles/cmTC_7aef4.dir/CheckSymbolExists.c.o
/Library/Developer/CommandLineTools/usr/bin/cc -DLDAP_DEPRECATED=1 -I/Library/Developer/CommandLineTools/SDKs/MacOSX13.1.sdk/usr/include -pedantic -Wall -W -Wpointer-arith -Wwrite-strings -Wunused -Wshadow -Winline -Wnested-externs -Wmissing-declarations -Wmissing-prototypes -Wfloat-equal -Wsign-compare -Wundef -Wendif-labels -Wstrict-prototypes -Wdeclaration-after-statement -Wcast-align -Wtype-limits -Wempty-body -Wignored-qualifiers -Wconversion -Wvla -Wdouble-promotion -Wenum-conversion -Wno-long-long -Wno-multichar -Wno-format-nonliteral -Wno-sign-conversion -Wno-system-headers  -arch arm64 -isysroot /Library/Developer/CommandLineTools/SDKs/MacOSX13.1.sdk -MD -MT CMakeFiles/cmTC_7aef4.dir/CheckSymbolExists.c.o -MF CMakeFiles/cmTC_7aef4.dir/CheckSymbolExists.c.o.d -o CMakeFiles/cmTC_7aef4.dir/CheckSymbolExists.c.o -c /Users/tabby/Desktop/projects/C++/MCNameSeeker/build/CMakeFiles/CMakeScratch/TryCompile-U8hWxw/CheckSymbolExists.c
/Users/tabby/Desktop/projects/C++/MCNameSeeker/build/CMakeFiles/CMakeScratch/TryCompile-U8hWxw/CheckSymbolExists.c:50:19: error: use of undeclared identifier 'gethostbyname_r'
  return ((int*)(&gethostbyname_r))[argc];
                  ^
1 error generated.
make[1]: *** [CMakeFiles/cmTC_7aef4.dir/CheckSymbolExists.c.o] Error 1
make: *** [cmTC_7aef4/fast] Error 2


File CheckSymbolExists.c:
/* */
#include <ldap.h>
#include <lber.h>
#include <inttypes.h>
#include <sys/filio.h>
#include <sys/ioctl.h>
#include <sys/param.h>
#include <sys/poll.h>
#include <sys/resource.h>
#include <sys/select.h>
#include <sys/socket.h>
#include <sys/sockio.h>
#include <sys/stat.h>
#include <sys/time.h>
#include <sys/types.h>
#include <sys/un.h>
#include <sys/xattr.h>
#include <arpa/inet.h>
#include <arpa/tftp.h>
#include <fcntl.h>
#include <ifaddrs.h>
#include <libgen.h>
#include <locale.h>
#include <net/if.h>
#include <netdb.h>
#include <netinet/in.h>
#include <netinet/tcp.h>
#include <poll.h>
#include <pwd.h>
#include <setjmp.h>
#include <signal.h>
#include <stdatomic.h>
#include <stdbool.h>
#include <stdint.h>
#include <stdlib.h>
#include <string.h>
#include <strings.h>
#include <termios.h>
#include <time.h>
#include <unistd.h>
#include <utime.h>
#include <stddef.h>
#include <stdint.h>
#include <sys/utsname.h>

int main(int argc, char** argv)
{
  (void)argv;
#ifndef gethostbyname_r
  return ((int*)(&gethostbyname_r))[argc];
#else
  (void)argc;
  return 0;
#endif
}

Determining if the _strtoi64 exist failed with the following output:
Change Dir: /Users/tabby/Desktop/projects/C++/MCNameSeeker/build/CMakeFiles/CMakeScratch/TryCompile-gzc8Y7

Run Build Command(s):/usr/bin/make -f Makefile cmTC_cf0cf/fast && /Library/Developer/CommandLineTools/usr/bin/make  -f CMakeFiles/cmTC_cf0cf.dir/build.make CMakeFiles/cmTC_cf0cf.dir/build
Building C object CMakeFiles/cmTC_cf0cf.dir/CheckSymbolExists.c.o
/Library/Developer/CommandLineTools/usr/bin/cc -DLDAP_DEPRECATED=1 -I/Library/Developer/CommandLineTools/SDKs/MacOSX13.1.sdk/usr/include -pedantic -Wall -W -Wpointer-arith -Wwrite-strings -Wunused -Wshadow -Winline -Wnested-externs -Wmissing-declarations -Wmissing-prototypes -Wfloat-equal -Wsign-compare -Wundef -Wendif-labels -Wstrict-prototypes -Wdeclaration-after-statement -Wcast-align -Wtype-limits -Wempty-body -Wignored-qualifiers -Wconversion -Wvla -Wdouble-promotion -Wenum-conversion -Wno-long-long -Wno-multichar -Wno-format-nonliteral -Wno-sign-conversion -Wno-system-headers  -arch arm64 -isysroot /Library/Developer/CommandLineTools/SDKs/MacOSX13.1.sdk -MD -MT CMakeFiles/cmTC_cf0cf.dir/CheckSymbolExists.c.o -MF CMakeFiles/cmTC_cf0cf.dir/CheckSymbolExists.c.o.d -o CMakeFiles/cmTC_cf0cf.dir/CheckSymbolExists.c.o -c /Users/tabby/Desktop/projects/C++/MCNameSeeker/build/CMakeFiles/CMakeScratch/TryCompile-gzc8Y7/CheckSymbolExists.c
/Users/tabby/Desktop/projects/C++/MCNameSeeker/build/CMakeFiles/CMakeScratch/TryCompile-gzc8Y7/CheckSymbolExists.c:50:19: error: use of undeclared identifier '_strtoi64'
  return ((int*)(&_strtoi64))[argc];
                  ^
1 error generated.
make[1]: *** [CMakeFiles/cmTC_cf0cf.dir/CheckSymbolExists.c.o] Error 1
make: *** [cmTC_cf0cf/fast] Error 2


File CheckSymbolExists.c:
/* */
#include <ldap.h>
#include <lber.h>
#include <inttypes.h>
#include <sys/filio.h>
#include <sys/ioctl.h>
#include <sys/param.h>
#include <sys/poll.h>
#include <sys/resource.h>
#include <sys/select.h>
#include <sys/socket.h>
#include <sys/sockio.h>
#include <sys/stat.h>
#include <sys/time.h>
#include <sys/types.h>
#include <sys/un.h>
#include <sys/xattr.h>
#include <arpa/inet.h>
#include <arpa/tftp.h>
#include <fcntl.h>
#include <ifaddrs.h>
#include <libgen.h>
#include <locale.h>
#include <net/if.h>
#include <netdb.h>
#include <netinet/in.h>
#include <netinet/tcp.h>
#include <poll.h>
#include <pwd.h>
#include <setjmp.h>
#include <signal.h>
#include <stdatomic.h>
#include <stdbool.h>
#include <stdint.h>
#include <stdlib.h>
#include <string.h>
#include <strings.h>
#include <termios.h>
#include <time.h>
#include <unistd.h>
#include <utime.h>
#include <stddef.h>
#include <stdint.h>
#include <sys/utsname.h>

int main(int argc, char** argv)
{
  (void)argv;
#ifndef _strtoi64
  return ((int*)(&_strtoi64))[argc];
#else
  (void)argc;
  return 0;
#endif
}

Performing Curl Test HAVE_FSETXATTR_5 failed with the following output:
Change Dir: /Users/tabby/Desktop/projects/C++/MCNameSeeker/build/CMakeFiles/CMakeTmp

Run Build Command(s):/usr/bin/make -f Makefile cmTC_26c9d/fast && /Library/Developer/CommandLineTools/usr/bin/make  -f CMakeFiles/cmTC_26c9d.dir/build.make CMakeFiles/cmTC_26c9d.dir/build
Building C object CMakeFiles/cmTC_26c9d.dir/CurlTests.c.o
/Library/Developer/CommandLineTools/usr/bin/cc   -pedantic -Wall -W -Wpointer-arith -Wwrite-strings -Wunused -Wshadow -Winline -Wnested-externs -Wmissing-declarations -Wmissing-prototypes -Wfloat-equal -Wsign-compare -Wundef -Wendif-labels -Wstrict-prototypes -Wdeclaration-after-statement -Wcast-align -Wtype-limits -Wempty-body -Wignored-qualifiers -Wconversion -Wvla -Wdouble-promotion -Wenum-conversion -Wno-long-long -Wno-multichar -Wno-format-nonliteral -Wno-sign-conversion -Wno-system-headers -DHAVE_FSETXATTR_5  -DHAVE_LDAP_H -DHAVE_LBER_H -DHAVE_INTTYPES_H -DHAVE_SYS_FILIO_H -DHAVE_SYS_IOCTL_H -DHAVE_SYS_PARAM_H -DHAVE_SYS_POLL_H -DHAVE_SYS_RESOURCE_H -DHAVE_SYS_SELECT_H -DHAVE_SYS_SOCKET_H -DHAVE_SYS_SOCKIO_H -DHAVE_SYS_STAT_H -DHAVE_SYS_TIME_H -DHAVE_SYS_TYPES_H -DHAVE_SYS_UN_H -DHAVE_SYS_XATTR_H -DHAVE_ARPA_INET_H -DHAVE_ARPA_TFTP_H -DHAVE_FCNTL_H -DHAVE_IFADDRS_H -DHAVE_LIBGEN_H -DHAVE_LOCALE_H -DHAVE_NET_IF_H -DHAVE_NETDB_H -DHAVE_NETINET_IN_H -DHAVE_NETINET_TCP_H -DHAVE_POLL_H -DHAVE_PWD_H -DHAVE_SETJMP_H -DHAVE_SIGNAL_H -DHAVE_STDATOMIC_H -DHAVE_STDBOOL_H -DHAVE_STDINT_H -DHAVE_STDLIB_H -DHAVE_STRING_H -DHAVE_STRINGS_H -DHAVE_TERMIOS_H -DHAVE_TIME_H -DHAVE_UNISTD_H -DHAVE_UTIME_H -DHAVE_STDDEF_H -DHAVE_STDINT_H -DHAVE_SYS_UTSNAME_H -arch arm64 -isysroot /Library/Developer/CommandLineTools/SDKs/MacOSX13.1.sdk -MD -MT CMakeFiles/cmTC_26c9d.dir/CurlTests.c.o -MF CMakeFiles/cmTC_26c9d.dir/CurlTests.c.o.d -o CMakeFiles/cmTC_26c9d.dir/CurlTests.c.o -c /Users/tabby/Desktop/projects/C++/MCNameSeeker/NameSeeker/vendor/curl/CMake/CurlTests.c
/Users/tabby/Desktop/projects/C++/MCNameSeeker/NameSeeker/vendor/curl/CMake/CurlTests.c:431:26: error: too few arguments to function call, expected 6, have 5
  fsetxattr(0, 0, 0, 0, 0);
  ~~~~~~~~~              ^
/Library/Developer/CommandLineTools/SDKs/MacOSX.sdk/usr/include/sys/xattr.h:67:5: note: 'fsetxattr' declared here
int fsetxattr(int fd, const char *name, const void *value, size_t size, u_int32_t position, int options);
    ^
1 error generated.
make[1]: *** [CMakeFiles/cmTC_26c9d.dir/CurlTests.c.o] Error 1
make: *** [cmTC_26c9d/fast] Error 2


Determining size of ADDRESS_FAMILY failed with the following output:
Change Dir: /Users/tabby/Desktop/projects/C++/MCNameSeeker/build/CMakeFiles/CMakeScratch/TryCompile-LiBSa3

Run Build Command(s):/usr/bin/make -f Makefile cmTC_0e581/fast && /Library/Developer/CommandLineTools/usr/bin/make  -f CMakeFiles/cmTC_0e581.dir/build.make CMakeFiles/cmTC_0e581.dir/build
Building C object CMakeFiles/cmTC_0e581.dir/SIZEOF_ADDRESS_FAMILY.c.o
/Library/Developer/CommandLineTools/usr/bin/cc -DLDAP_DEPRECATED=1 -I/Library/Developer/CommandLineTools/SDKs/MacOSX13.1.sdk/usr/include -pedantic -Wall -W -Wpointer-arith -Wwrite-strings -Wunused -Wshadow -Winline -Wnested-externs -Wmissing-declarations -Wmissing-prototypes -Wfloat-equal -Wsign-compare -Wundef -Wendif-labels -Wstrict-prototypes -Wdeclaration-after-statement -Wcast-align -Wtype-limits -Wempty-body -Wignored-qualifiers -Wconversion -Wvla -Wdouble-promotion -Wenum-conversion -Wno-long-long -Wno-multichar -Wno-format-nonliteral -Wno-sign-conversion -Wno-system-headers  -arch arm64 -isysroot /Library/Developer/CommandLineTools/SDKs/MacOSX13.1.sdk -MD -MT CMakeFiles/cmTC_0e581.dir/SIZEOF_ADDRESS_FAMILY.c.o -MF CMakeFiles/cmTC_0e581.dir/SIZEOF_ADDRESS_FAMILY.c.o.d -o CMakeFiles/cmTC_0e581.dir/SIZEOF_ADDRESS_FAMILY.c.o -c /Users/tabby/Desktop/projects/C++/MCNameSeeker/build/CMakeFiles/CMakeScratch/TryCompile-LiBSa3/SIZEOF_ADDRESS_FAMILY.c
/Users/tabby/Desktop/projects/C++/MCNameSeeker/build/CMakeFiles/CMakeScratch/TryCompile-LiBSa3/SIZEOF_ADDRESS_FAMILY.c:4:10: fatal error: 'ws2def.h' file not found
#include "ws2def.h"
         ^~~~~~~~~~
1 error generated.
make[1]: *** [CMakeFiles/cmTC_0e581.dir/SIZEOF_ADDRESS_FAMILY.c.o] Error 1
make: *** [cmTC_0e581/fast] Error 2


SIZEOF_ADDRESS_FAMILY.c:
#include <sys/types.h>
#include <stdint.h>
#include <stddef.h>
#include "ws2def.h"


#undef KEY
#if defined(__i386)
# define KEY '_','_','i','3','8','6'
#elif defined(__x86_64)
# define KEY '_','_','x','8','6','_','6','4'
#elif defined(__PPC64__)
# define KEY '_','_','P','P','C','6','4','_','_'
#elif defined(__ppc64__)
# define KEY '_','_','p','p','c','6','4','_','_'
#elif defined(__PPC__)
# define KEY '_','_','P','P','C','_','_'
#elif defined(__ppc__)
# define KEY '_','_','p','p','c','_','_'
#elif defined(__aarch64__)
# define KEY '_','_','a','a','r','c','h','6','4','_','_'
#elif defined(__ARM_ARCH_7A__)
# define KEY '_','_','A','R','M','_','A','R','C','H','_','7','A','_','_'
#elif defined(__ARM_ARCH_7S__)
# define KEY '_','_','A','R','M','_','A','R','C','H','_','7','S','_','_'
#endif

#define SIZE (sizeof(ADDRESS_FAMILY))
static char info_size[] =  {'I', 'N', 'F', 'O', ':', 's','i','z','e','[',
  ('0' + ((SIZE / 10000)%10)),
  ('0' + ((SIZE / 1000)%10)),
  ('0' + ((SIZE / 100)%10)),
  ('0' + ((SIZE / 10)%10)),
  ('0' +  (SIZE    % 10)),
  ']',
#ifdef KEY
  ' ','k','e','y','[', KEY, ']',
#endif
  '\0'};

#ifdef __CLASSIC_C__
int main(argc, argv) int argc; char *argv[];
#else
int main(int argc, char *argv[])
#endif
{
  int require = 0;
  require += info_size[argc];
  (void)argv;
  return require;
}


Performing Curl Test HAVE_IOCTLSOCKET failed with the following output:
Change Dir: /Users/tabby/Desktop/projects/C++/MCNameSeeker/build/CMakeFiles/CMakeTmp

Run Build Command(s):/usr/bin/make -f Makefile cmTC_2004d/fast && /Library/Developer/CommandLineTools/usr/bin/make  -f CMakeFiles/cmTC_2004d.dir/build.make CMakeFiles/cmTC_2004d.dir/build
Building C object CMakeFiles/cmTC_2004d.dir/CurlTests.c.o
/Library/Developer/CommandLineTools/usr/bin/cc   -pedantic -Wall -W -Wpointer-arith -Wwrite-strings -Wunused -Wshadow -Winline -Wnested-externs -Wmissing-declarations -Wmissing-prototypes -Wfloat-equal -Wsign-compare -Wundef -Wendif-labels -Wstrict-prototypes -Wdeclaration-after-statement -Wcast-align -Wtype-limits -Wempty-body -Wignored-qualifiers -Wconversion -Wvla -Wdouble-promotion -Wenum-conversion -Wno-long-long -Wno-multichar -Wno-format-nonliteral -Wno-sign-conversion -Wno-system-headers -DHAVE_IOCTLSOCKET  -DHAVE_LDAP_H -DHAVE_LBER_H -DHAVE_INTTYPES_H -DHAVE_SYS_FILIO_H -DHAVE_SYS_IOCTL_H -DHAVE_SYS_PARAM_H -DHAVE_SYS_POLL_H -DHAVE_SYS_RESOURCE_H -DHAVE_SYS_SELECT_H -DHAVE_SYS_SOCKET_H -DHAVE_SYS_SOCKIO_H -DHAVE_SYS_STAT_H -DHAVE_SYS_TIME_H -DHAVE_SYS_TYPES_H -DHAVE_SYS_UN_H -DHAVE_SYS_XATTR_H -DHAVE_ARPA_INET_H -DHAVE_ARPA_TFTP_H -DHAVE_FCNTL_H -DHAVE_IFADDRS_H -DHAVE_LIBGEN_H -DHAVE_LOCALE_H -DHAVE_NET_IF_H -DHAVE_NETDB_H -DHAVE_NETINET_IN_H -DHAVE_NETINET_TCP_H -DHAVE_POLL_H -DHAVE_PWD_H -DHAVE_SETJMP_H -DHAVE_SIGNAL_H -DHAVE_STDATOMIC_H -DHAVE_STDBOOL_H -DHAVE_STDINT_H -DHAVE_STDLIB_H -DHAVE_STRING_H -DHAVE_STRINGS_H -DHAVE_TERMIOS_H -DHAVE_TIME_H -DHAVE_UNISTD_H -DHAVE_UTIME_H -DHAVE_STDDEF_H -DHAVE_STDINT_H -DHAVE_SYS_UTSNAME_H -arch arm64 -isysroot /Library/Developer/CommandLineTools/SDKs/MacOSX13.1.sdk -MD -MT CMakeFiles/cmTC_2004d.dir/CurlTests.c.o -MF CMakeFiles/cmTC_2004d.dir/CurlTests.c.o.d -o CMakeFiles/cmTC_2004d.dir/CurlTests.c.o -c /Users/tabby/Desktop/projects/C++/MCNameSeeker/NameSeeker/vendor/curl/CMake/CurlTests.c
/Users/tabby/Desktop/projects/C++/MCNameSeeker/NameSeeker/vendor/curl/CMake/CurlTests.c:221:24: error: implicit declaration of function 'ioctlsocket' is invalid in C99 [-Werror,-Wimplicit-function-declaration]
 unsigned long flags = ioctlsocket(socket, FIONBIO, &flags);
                       ^
/Users/tabby/Desktop/projects/C++/MCNameSeeker/NameSeeker/vendor/curl/CMake/CurlTests.c:221:44: error: use of undeclared identifier 'FIONBIO'
 unsigned long flags = ioctlsocket(socket, FIONBIO, &flags);
                                           ^
2 errors generated.
make[1]: *** [CMakeFiles/cmTC_2004d.dir/CurlTests.c.o] Error 1
make: *** [cmTC_2004d/fast] Error 2


Performing Curl Test HAVE_IOCTLSOCKET_CAMEL failed with the following output:
Change Dir: /Users/tabby/Desktop/projects/C++/MCNameSeeker/build/CMakeFiles/CMakeTmp

Run Build Command(s):/usr/bin/make -f Makefile cmTC_fbcd8/fast && /Library/Developer/CommandLineTools/usr/bin/make  -f CMakeFiles/cmTC_fbcd8.dir/build.make CMakeFiles/cmTC_fbcd8.dir/build
Building C object CMakeFiles/cmTC_fbcd8.dir/CurlTests.c.o
/Library/Developer/CommandLineTools/usr/bin/cc   -pedantic -Wall -W -Wpointer-arith -Wwrite-strings -Wunused -Wshadow -Winline -Wnested-externs -Wmissing-declarations -Wmissing-prototypes -Wfloat-equal -Wsign-compare -Wundef -Wendif-labels -Wstrict-prototypes -Wdeclaration-after-statement -Wcast-align -Wtype-limits -Wempty-body -Wignored-qualifiers -Wconversion -Wvla -Wdouble-promotion -Wenum-conversion -Wno-long-long -Wno-multichar -Wno-format-nonliteral -Wno-sign-conversion -Wno-system-headers -DHAVE_IOCTLSOCKET_CAMEL  -DHAVE_LDAP_H -DHAVE_LBER_H -DHAVE_INTTYPES_H -DHAVE_SYS_FILIO_H -DHAVE_SYS_IOCTL_H -DHAVE_SYS_PARAM_H -DHAVE_SYS_POLL_H -DHAVE_SYS_RESOURCE_H -DHAVE_SYS_SELECT_H -DHAVE_SYS_SOCKET_H -DHAVE_SYS_SOCKIO_H -DHAVE_SYS_STAT_H -DHAVE_SYS_TIME_H -DHAVE_SYS_TYPES_H -DHAVE_SYS_UN_H -DHAVE_SYS_XATTR_H -DHAVE_ARPA_INET_H -DHAVE_ARPA_TFTP_H -DHAVE_FCNTL_H -DHAVE_IFADDRS_H -DHAVE_LIBGEN_H -DHAVE_LOCALE_H -DHAVE_NET_IF_H -DHAVE_NETDB_H -DHAVE_NETINET_IN_H -DHAVE_NETINET_TCP_H -DHAVE_POLL_H -DHAVE_PWD_H -DHAVE_SETJMP_H -DHAVE_SIGNAL_H -DHAVE_STDATOMIC_H -DHAVE_STDBOOL_H -DHAVE_STDINT_H -DHAVE_STDLIB_H -DHAVE_STRING_H -DHAVE_STRINGS_H -DHAVE_TERMIOS_H -DHAVE_TIME_H -DHAVE_UNISTD_H -DHAVE_UTIME_H -DHAVE_STDDEF_H -DHAVE_STDINT_H -DHAVE_SYS_UTSNAME_H -arch arm64 -isysroot /Library/Developer/CommandLineTools/SDKs/MacOSX13.1.sdk -MD -MT CMakeFiles/cmTC_fbcd8.dir/CurlTests.c.o -MF CMakeFiles/cmTC_fbcd8.dir/CurlTests.c.o.d -o CMakeFiles/cmTC_fbcd8.dir/CurlTests.c.o -c /Users/tabby/Desktop/projects/C++/MCNameSeeker/NameSeeker/vendor/curl/CMake/CurlTests.c
/Users/tabby/Desktop/projects/C++/MCNameSeeker/NameSeeker/vendor/curl/CMake/CurlTests.c:245:13: error: implicit declaration of function 'IoctlSocket' is invalid in C99 [-Werror,-Wimplicit-function-declaration]
    if(0 != IoctlSocket(0, 0, 0))
            ^
1 error generated.
make[1]: *** [CMakeFiles/cmTC_fbcd8.dir/CurlTests.c.o] Error 1
make: *** [cmTC_fbcd8/fast] Error 2


Performing Curl Test HAVE_IOCTLSOCKET_CAMEL_FIONBIO failed with the following output:
Change Dir: /Users/tabby/Desktop/projects/C++/MCNameSeeker/build/CMakeFiles/CMakeTmp

Run Build Command(s):/usr/bin/make -f Makefile cmTC_fd5da/fast && /Library/Developer/CommandLineTools/usr/bin/make  -f CMakeFiles/cmTC_fd5da.dir/build.make CMakeFiles/cmTC_fd5da.dir/build
Building C object CMakeFiles/cmTC_fd5da.dir/CurlTests.c.o
/Library/Developer/CommandLineTools/usr/bin/cc   -pedantic -Wall -W -Wpointer-arith -Wwrite-strings -Wunused -Wshadow -Winline -Wnested-externs -Wmissing-declarations -Wmissing-prototypes -Wfloat-equal -Wsign-compare -Wundef -Wendif-labels -Wstrict-prototypes -Wdeclaration-after-statement -Wcast-align -Wtype-limits -Wempty-body -Wignored-qualifiers -Wconversion -Wvla -Wdouble-promotion -Wenum-conversion -Wno-long-long -Wno-multichar -Wno-format-nonliteral -Wno-sign-conversion -Wno-system-headers -DHAVE_IOCTLSOCKET_CAMEL_FIONBIO  -DHAVE_LDAP_H -DHAVE_LBER_H -DHAVE_INTTYPES_H -DHAVE_SYS_FILIO_H -DHAVE_SYS_IOCTL_H -DHAVE_SYS_PARAM_H -DHAVE_SYS_POLL_H -DHAVE_SYS_RESOURCE_H -DHAVE_SYS_SELECT_H -DHAVE_SYS_SOCKET_H -DHAVE_SYS_SOCKIO_H -DHAVE_SYS_STAT_H -DHAVE_SYS_TIME_H -DHAVE_SYS_TYPES_H -DHAVE_SYS_UN_H -DHAVE_SYS_XATTR_H -DHAVE_ARPA_INET_H -DHAVE_ARPA_TFTP_H -DHAVE_FCNTL_H -DHAVE_IFADDRS_H -DHAVE_LIBGEN_H -DHAVE_LOCALE_H -DHAVE_NET_IF_H -DHAVE_NETDB_H -DHAVE_NETINET_IN_H -DHAVE_NETINET_TCP_H -DHAVE_POLL_H -DHAVE_PWD_H -DHAVE_SETJMP_H -DHAVE_SIGNAL_H -DHAVE_STDATOMIC_H -DHAVE_STDBOOL_H -DHAVE_STDINT_H -DHAVE_STDLIB_H -DHAVE_STRING_H -DHAVE_STRINGS_H -DHAVE_TERMIOS_H -DHAVE_TIME_H -DHAVE_UNISTD_H -DHAVE_UTIME_H -DHAVE_STDDEF_H -DHAVE_STDINT_H -DHAVE_SYS_UTSNAME_H -arch arm64 -isysroot /Library/Developer/CommandLineTools/SDKs/MacOSX13.1.sdk -MD -MT CMakeFiles/cmTC_fd5da.dir/CurlTests.c.o -MF CMakeFiles/cmTC_fd5da.dir/CurlTests.c.o.d -o CMakeFiles/cmTC_fd5da.dir/CurlTests.c.o -c /Users/tabby/Desktop/projects/C++/MCNameSeeker/NameSeeker/vendor/curl/CMake/CurlTests.c
/Users/tabby/Desktop/projects/C++/MCNameSeeker/NameSeeker/vendor/curl/CMake/CurlTests.c:269:17: error: implicit declaration of function 'IoctlSocket' is invalid in C99 [-Werror,-Wimplicit-function-declaration]
        if(0 != IoctlSocket(0, FIONBIO, &flags))
                ^
/Users/tabby/Desktop/projects/C++/MCNameSeeker/NameSeeker/vendor/curl/CMake/CurlTests.c:269:32: error: use of undeclared identifier 'FIONBIO'
        if(0 != IoctlSocket(0, FIONBIO, &flags))
                               ^
2 errors generated.
make[1]: *** [CMakeFiles/cmTC_fd5da.dir/CurlTests.c.o] Error 1
make: *** [cmTC_fd5da/fast] Error 2


Performing Curl Test HAVE_IOCTLSOCKET_FIONBIO failed with the following output:
Change Dir: /Users/tabby/Desktop/projects/C++/MCNameSeeker/build/CMakeFiles/CMakeTmp

Run Build Command(s):/usr/bin/make -f Makefile cmTC_93ae6/fast && /Library/Developer/CommandLineTools/usr/bin/make  -f CMakeFiles/cmTC_93ae6.dir/build.make CMakeFiles/cmTC_93ae6.dir/build
Building C object CMakeFiles/cmTC_93ae6.dir/CurlTests.c.o
/Library/Developer/CommandLineTools/usr/bin/cc   -pedantic -Wall -W -Wpointer-arith -Wwrite-strings -Wunused -Wshadow -Winline -Wnested-externs -Wmissing-declarations -Wmissing-prototypes -Wfloat-equal -Wsign-compare -Wundef -Wendif-labels -Wstrict-prototypes -Wdeclaration-after-statement -Wcast-align -Wtype-limits -Wempty-body -Wignored-qualifiers -Wconversion -Wvla -Wdouble-promotion -Wenum-conversion -Wno-long-long -Wno-multichar -Wno-format-nonliteral -Wno-sign-conversion -Wno-system-headers -DHAVE_IOCTLSOCKET_FIONBIO  -DHAVE_LDAP_H -DHAVE_LBER_H -DHAVE_INTTYPES_H -DHAVE_SYS_FILIO_H -DHAVE_SYS_IOCTL_H -DHAVE_SYS_PARAM_H -DHAVE_SYS_POLL_H -DHAVE_SYS_RESOURCE_H -DHAVE_SYS_SELECT_H -DHAVE_SYS_SOCKET_H -DHAVE_SYS_SOCKIO_H -DHAVE_SYS_STAT_H -DHAVE_SYS_TIME_H -DHAVE_SYS_TYPES_H -DHAVE_SYS_UN_H -DHAVE_SYS_XATTR_H -DHAVE_ARPA_INET_H -DHAVE_ARPA_TFTP_H -DHAVE_FCNTL_H -DHAVE_IFADDRS_H -DHAVE_LIBGEN_H -DHAVE_LOCALE_H -DHAVE_NET_IF_H -DHAVE_NETDB_H -DHAVE_NETINET_IN_H -DHAVE_NETINET_TCP_H -DHAVE_POLL_H -DHAVE_PWD_H -DHAVE_SETJMP_H -DHAVE_SIGNAL_H -DHAVE_STDATOMIC_H -DHAVE_STDBOOL_H -DHAVE_STDINT_H -DHAVE_STDLIB_H -DHAVE_STRING_H -DHAVE_STRINGS_H -DHAVE_TERMIOS_H -DHAVE_TIME_H -DHAVE_UNISTD_H -DHAVE_UTIME_H -DHAVE_STDDEF_H -DHAVE_STDINT_H -DHAVE_SYS_UTSNAME_H -arch arm64 -isysroot /Library/Developer/CommandLineTools/SDKs/MacOSX13.1.sdk -MD -MT CMakeFiles/cmTC_93ae6.dir/CurlTests.c.o -MF CMakeFiles/cmTC_93ae6.dir/CurlTests.c.o.d -o CMakeFiles/cmTC_93ae6.dir/CurlTests.c.o -c /Users/tabby/Desktop/projects/C++/MCNameSeeker/NameSeeker/vendor/curl/CMake/CurlTests.c
/Users/tabby/Desktop/projects/C++/MCNameSeeker/NameSeeker/vendor/curl/CMake/CurlTests.c:292:17: error: implicit declaration of function 'ioctlsocket' is invalid in C99 [-Werror,-Wimplicit-function-declaration]
        if(0 != ioctlsocket(0, FIONBIO, &flags))
                ^
/Users/tabby/Desktop/projects/C++/MCNameSeeker/NameSeeker/vendor/curl/CMake/CurlTests.c:292:32: error: use of undeclared identifier 'FIONBIO'
        if(0 != ioctlsocket(0, FIONBIO, &flags))
                               ^
2 errors generated.
make[1]: *** [CMakeFiles/cmTC_93ae6.dir/CurlTests.c.o] Error 1
make: *** [cmTC_93ae6/fast] Error 2


Performing Curl Test HAVE_SETSOCKOPT_SO_NONBLOCK failed with the following output:
Change Dir: /Users/tabby/Desktop/projects/C++/MCNameSeeker/build/CMakeFiles/CMakeTmp

Run Build Command(s):/usr/bin/make -f Makefile cmTC_f6f5a/fast && /Library/Developer/CommandLineTools/usr/bin/make  -f CMakeFiles/cmTC_f6f5a.dir/build.make CMakeFiles/cmTC_f6f5a.dir/build
Building C object CMakeFiles/cmTC_f6f5a.dir/CurlTests.c.o
/Library/Developer/CommandLineTools/usr/bin/cc   -pedantic -Wall -W -Wpointer-arith -Wwrite-strings -Wunused -Wshadow -Winline -Wnested-externs -Wmissing-declarations -Wmissing-prototypes -Wfloat-equal -Wsign-compare -Wundef -Wendif-labels -Wstrict-prototypes -Wdeclaration-after-statement -Wcast-align -Wtype-limits -Wempty-body -Wignored-qualifiers -Wconversion -Wvla -Wdouble-promotion -Wenum-conversion -Wno-long-long -Wno-multichar -Wno-format-nonliteral -Wno-sign-conversion -Wno-system-headers -DHAVE_SETSOCKOPT_SO_NONBLOCK  -DHAVE_LDAP_H -DHAVE_LBER_H -DHAVE_INTTYPES_H -DHAVE_SYS_FILIO_H -DHAVE_SYS_IOCTL_H -DHAVE_SYS_PARAM_H -DHAVE_SYS_POLL_H -DHAVE_SYS_RESOURCE_H -DHAVE_SYS_SELECT_H -DHAVE_SYS_SOCKET_H -DHAVE_SYS_SOCKIO_H -DHAVE_SYS_STAT_H -DHAVE_SYS_TIME_H -DHAVE_SYS_TYPES_H -DHAVE_SYS_UN_H -DHAVE_SYS_XATTR_H -DHAVE_ARPA_INET_H -DHAVE_ARPA_TFTP_H -DHAVE_FCNTL_H -DHAVE_IFADDRS_H -DHAVE_LIBGEN_H -DHAVE_LOCALE_H -DHAVE_NET_IF_H -DHAVE_NETDB_H -DHAVE_NETINET_IN_H -DHAVE_NETINET_TCP_H -DHAVE_POLL_H -DHAVE_PWD_H -DHAVE_SETJMP_H -DHAVE_SIGNAL_H -DHAVE_STDATOMIC_H -DHAVE_STDBOOL_H -DHAVE_STDINT_H -DHAVE_STDLIB_H -DHAVE_STRING_H -DHAVE_STRINGS_H -DHAVE_TERMIOS_H -DHAVE_TIME_H -DHAVE_UNISTD_H -DHAVE_UTIME_H -DHAVE_STDDEF_H -DHAVE_STDINT_H -DHAVE_SYS_UTSNAME_H -arch arm64 -isysroot /Library/Developer/CommandLineTools/SDKs/MacOSX13.1.sdk -MD -MT CMakeFiles/cmTC_f6f5a.dir/CurlTests.c.o -MF CMakeFiles/cmTC_f6f5a.dir/CurlTests.c.o.d -o CMakeFiles/cmTC_f6f5a.dir/CurlTests.c.o -c /Users/tabby/Desktop/projects/C++/MCNameSeeker/NameSeeker/vendor/curl/CMake/CurlTests.c
/Users/tabby/Desktop/projects/C++/MCNameSeeker/NameSeeker/vendor/curl/CMake/CurlTests.c:384:43: error: use of undeclared identifier 'SO_NONBLOCK'
        if(0 != setsockopt(0, SOL_SOCKET, SO_NONBLOCK, 0, 0))
                                          ^
1 error generated.
make[1]: *** [CMakeFiles/cmTC_f6f5a.dir/CurlTests.c.o] Error 1
make: *** [cmTC_f6f5a/fast] Error 2


Performing Curl Test HAVE_O_NONBLOCK failed with the following output:
Change Dir: /Users/tabby/Desktop/projects/C++/MCNameSeeker/build/CMakeFiles/CMakeTmp

Run Build Command(s):/usr/bin/make -f Makefile cmTC_e7557/fast && /Library/Developer/CommandLineTools/usr/bin/make  -f CMakeFiles/cmTC_e7557.dir/build.make CMakeFiles/cmTC_e7557.dir/build
Building C object CMakeFiles/cmTC_e7557.dir/CurlTests.c.o
/Library/Developer/CommandLineTools/usr/bin/cc   -pedantic -Wall -W -Wpointer-arith -Wwrite-strings -Wunused -Wshadow -Winline -Wnested-externs -Wmissing-declarations -Wmissing-prototypes -Wfloat-equal -Wsign-compare -Wundef -Wendif-labels -Wstrict-prototypes -Wdeclaration-after-statement -Wcast-align -Wtype-limits -Wempty-body -Wignored-qualifiers -Wconversion -Wvla -Wdouble-promotion -Wenum-conversion -Wno-long-long -Wno-multichar -Wno-format-nonliteral -Wno-sign-conversion -Wno-system-headers -DHAVE_O_NONBLOCK  -DHAVE_LDAP_H -DHAVE_LBER_H -DHAVE_INTTYPES_H -DHAVE_SYS_FILIO_H -DHAVE_SYS_IOCTL_H -DHAVE_SYS_PARAM_H -DHAVE_SYS_POLL_H -DHAVE_SYS_RESOURCE_H -DHAVE_SYS_SELECT_H -DHAVE_SYS_SOCKET_H -DHAVE_SYS_SOCKIO_H -DHAVE_SYS_STAT_H -DHAVE_SYS_TIME_H -DHAVE_SYS_TYPES_H -DHAVE_SYS_UN_H -DHAVE_SYS_XATTR_H -DHAVE_ARPA_INET_H -DHAVE_ARPA_TFTP_H -DHAVE_FCNTL_H -DHAVE_IFADDRS_H -DHAVE_LIBGEN_H -DHAVE_LOCALE_H -DHAVE_NET_IF_H -DHAVE_NETDB_H -DHAVE_NETINET_IN_H -DHAVE_NETINET_TCP_H -DHAVE_POLL_H -DHAVE_PWD_H -DHAVE_SETJMP_H -DHAVE_SIGNAL_H -DHAVE_STDATOMIC_H -DHAVE_STDBOOL_H -DHAVE_STDINT_H -DHAVE_STDLIB_H -DHAVE_STRING_H -DHAVE_STRINGS_H -DHAVE_TERMIOS_H -DHAVE_TIME_H -DHAVE_UNISTD_H -DHAVE_UTIME_H -DHAVE_STDDEF_H -DHAVE_STDINT_H -DHAVE_SYS_UTSNAME_H -arch arm64 -isysroot /Library/Developer/CommandLineTools/SDKs/MacOSX13.1.sdk -MD -MT CMakeFiles/cmTC_e7557.dir/CurlTests.c.o -MF CMakeFiles/cmTC_e7557.dir/CurlTests.c.o.d -o CMakeFiles/cmTC_e7557.dir/CurlTests.c.o -c /Users/tabby/Desktop/projects/C++/MCNameSeeker/NameSeeker/vendor/curl/CMake/CurlTests.c
/Users/tabby/Desktop/projects/C++/MCNameSeeker/NameSeeker/vendor/curl/CMake/CurlTests.c:532:7: warning: ISO C requires a translation unit to contain at least one declaration [-Wempty-translation-unit]
#endif
      ^
1 warning generated.
Linking C executable cmTC_e7557
/opt/homebrew/Cellar/cmake/3.25.3/bin/cmake -E cmake_link_script CMakeFiles/cmTC_e7557.dir/link.txt --verbose=1
/Library/Developer/CommandLineTools/usr/bin/cc  -pedantic -Wall -W -Wpointer-arith -Wwrite-strings -Wunused -Wshadow -Winline -Wnested-externs -Wmissing-declarations -Wmissing-prototypes -Wfloat-equal -Wsign-compare -Wundef -Wendif-labels -Wstrict-prototypes -Wdeclaration-after-statement -Wcast-align -Wtype-limits -Wempty-body -Wignored-qualifiers -Wconversion -Wvla -Wdouble-promotion -Wenum-conversion -Wno-long-long -Wno-multichar -Wno-format-nonliteral -Wno-sign-conversion -Wno-system-headers -DHAVE_O_NONBLOCK  -DHAVE_LDAP_H -DHAVE_LBER_H -DHAVE_INTTYPES_H -DHAVE_SYS_FILIO_H -DHAVE_SYS_IOCTL_H -DHAVE_SYS_PARAM_H -DHAVE_SYS_POLL_H -DHAVE_SYS_RESOURCE_H -DHAVE_SYS_SELECT_H -DHAVE_SYS_SOCKET_H -DHAVE_SYS_SOCKIO_H -DHAVE_SYS_STAT_H -DHAVE_SYS_TIME_H -DHAVE_SYS_TYPES_H -DHAVE_SYS_UN_H -DHAVE_SYS_XATTR_H -DHAVE_ARPA_INET_H -DHAVE_ARPA_TFTP_H -DHAVE_FCNTL_H -DHAVE_IFADDRS_H -DHAVE_LIBGEN_H -DHAVE_LOCALE_H -DHAVE_NET_IF_H -DHAVE_NETDB_H -DHAVE_NETINET_IN_H -DHAVE_NETINET_TCP_H -DHAVE_POLL_H -DHAVE_PWD_H -DHAVE_SETJMP_H -DHAVE_SIGNAL_H -DHAVE_STDATOMIC_H -DHAVE_STDBOOL_H -DHAVE_STDINT_H -DHAVE_STDLIB_H -DHAVE_STRING_H -DHAVE_STRINGS_H -DHAVE_TERMIOS_H -DHAVE_TIME_H -DHAVE_UNISTD_H -DHAVE_UTIME_H -DHAVE_STDDEF_H -DHAVE_STDINT_H -DHAVE_SYS_UTSNAME_H -arch arm64 -isysroot /Library/Developer/CommandLineTools/SDKs/MacOSX13.1.sdk -Wl,-search_paths_first -Wl,-headerpad_max_install_names -L//Library/Developer/CommandLineTools/SDKs/MacOSX.sdk/usr/include  CMakeFiles/cmTC_e7557.dir/CurlTests.c.o -o cmTC_e7557 
Undefined symbols for architecture arm64:
  "_main", referenced from:
     implicit entry/start for main executable
ld: symbol(s) not found for architecture arm64
clang: error: linker command failed with exit code 1 (use -v to see invocation)
make[1]: *** [cmTC_e7557] Error 1
make: *** [cmTC_e7557/fast] Error 2


Performing Curl Test HAVE_GETHOSTBYNAME_R_3 failed with the following output:
Change Dir: /Users/tabby/Desktop/projects/C++/MCNameSeeker/build/CMakeFiles/CMakeTmp

Run Build Command(s):/usr/bin/make -f Makefile cmTC_722f2/fast && /Library/Developer/CommandLineTools/usr/bin/make  -f CMakeFiles/cmTC_722f2.dir/build.make CMakeFiles/cmTC_722f2.dir/build
Building C object CMakeFiles/cmTC_722f2.dir/CurlTests.c.o
/Library/Developer/CommandLineTools/usr/bin/cc   -pedantic -Wall -W -Wpointer-arith -Wwrite-strings -Wunused -Wshadow -Winline -Wnested-externs -Wmissing-declarations -Wmissing-prototypes -Wfloat-equal -Wsign-compare -Wundef -Wendif-labels -Wstrict-prototypes -Wdeclaration-after-statement -Wcast-align -Wtype-limits -Wempty-body -Wignored-qualifiers -Wconversion -Wvla -Wdouble-promotion -Wenum-conversion -Wno-long-long -Wno-multichar -Wno-format-nonliteral -Wno-sign-conversion -Wno-system-headers -DHAVE_GETHOSTBYNAME_R_3  -DHAVE_LDAP_H -DHAVE_LBER_H -DHAVE_INTTYPES_H -DHAVE_SYS_FILIO_H -DHAVE_SYS_IOCTL_H -DHAVE_SYS_PARAM_H -DHAVE_SYS_POLL_H -DHAVE_SYS_RESOURCE_H -DHAVE_SYS_SELECT_H -DHAVE_SYS_SOCKET_H -DHAVE_SYS_SOCKIO_H -DHAVE_SYS_STAT_H -DHAVE_SYS_TIME_H -DHAVE_SYS_TYPES_H -DHAVE_SYS_UN_H -DHAVE_SYS_XATTR_H -DHAVE_ARPA_INET_H -DHAVE_ARPA_TFTP_H -DHAVE_FCNTL_H -DHAVE_IFADDRS_H -DHAVE_LIBGEN_H -DHAVE_LOCALE_H -DHAVE_NET_IF_H -DHAVE_NETDB_H -DHAVE_NETINET_IN_H -DHAVE_NETINET_TCP_H -DHAVE_POLL_H -DHAVE_PWD_H -DHAVE_SETJMP_H -DHAVE_SIGNAL_H -DHAVE_STDATOMIC_H -DHAVE_STDBOOL_H -DHAVE_STDINT_H -DHAVE_STDLIB_H -DHAVE_STRING_H -DHAVE_STRINGS_H -DHAVE_TERMIOS_H -DHAVE_TIME_H -DHAVE_UNISTD_H -DHAVE_UTIME_H -DHAVE_STDDEF_H -DHAVE_STDINT_H -DHAVE_SYS_UTSNAME_H -arch arm64 -isysroot /Library/Developer/CommandLineTools/SDKs/MacOSX13.1.sdk -MD -MT CMakeFiles/cmTC_722f2.dir/CurlTests.c.o -MF CMakeFiles/cmTC_722f2.dir/CurlTests.c.o.d -o CMakeFiles/cmTC_722f2.dir/CurlTests.c.o -c /Users/tabby/Desktop/projects/C++/MCNameSeeker/NameSeeker/vendor/curl/CMake/CurlTests.c
/Users/tabby/Desktop/projects/C++/MCNameSeeker/NameSeeker/vendor/curl/CMake/CurlTests.c:92:9: warning: initializing 'char *' with an expression of type 'const char[12]' discards qualifiers [-Wincompatible-pointer-types-discards-qualifiers]
  char *address = "example.com";
        ^         ~~~~~~~~~~~~~
/Users/tabby/Desktop/projects/C++/MCNameSeeker/NameSeeker/vendor/curl/CMake/CurlTests.c:99:23: error: variable has incomplete type 'struct hostent_data'
  struct hostent_data hdata;
                      ^
/Users/tabby/Desktop/projects/C++/MCNameSeeker/NameSeeker/vendor/curl/CMake/CurlTests.c:99:10: note: forward declaration of 'struct hostent_data'
  struct hostent_data hdata;
         ^
/Users/tabby/Desktop/projects/C++/MCNameSeeker/NameSeeker/vendor/curl/CMake/CurlTests.c:111:8: error: implicit declaration of function 'gethostbyname_r' is invalid in C99 [-Werror,-Wimplicit-function-declaration]
  rc = gethostbyname_r(address, &h, &hdata);
       ^
1 warning and 2 errors generated.
make[1]: *** [CMakeFiles/cmTC_722f2.dir/CurlTests.c.o] Error 1
make: *** [cmTC_722f2/fast] Error 2


Performing Curl Test HAVE_GETHOSTBYNAME_R_5 failed with the following output:
Change Dir: /Users/tabby/Desktop/projects/C++/MCNameSeeker/build/CMakeFiles/CMakeTmp

Run Build Command(s):/usr/bin/make -f Makefile cmTC_08123/fast && /Library/Developer/CommandLineTools/usr/bin/make  -f CMakeFiles/cmTC_08123.dir/build.make CMakeFiles/cmTC_08123.dir/build
Building C object CMakeFiles/cmTC_08123.dir/CurlTests.c.o
/Library/Developer/CommandLineTools/usr/bin/cc   -pedantic -Wall -W -Wpointer-arith -Wwrite-strings -Wunused -Wshadow -Winline -Wnested-externs -Wmissing-declarations -Wmissing-prototypes -Wfloat-equal -Wsign-compare -Wundef -Wendif-labels -Wstrict-prototypes -Wdeclaration-after-statement -Wcast-align -Wtype-limits -Wempty-body -Wignored-qualifiers -Wconversion -Wvla -Wdouble-promotion -Wenum-conversion -Wno-long-long -Wno-multichar -Wno-format-nonliteral -Wno-sign-conversion -Wno-system-headers -DHAVE_GETHOSTBYNAME_R_5  -DHAVE_LDAP_H -DHAVE_LBER_H -DHAVE_INTTYPES_H -DHAVE_SYS_FILIO_H -DHAVE_SYS_IOCTL_H -DHAVE_SYS_PARAM_H -DHAVE_SYS_POLL_H -DHAVE_SYS_RESOURCE_H -DHAVE_SYS_SELECT_H -DHAVE_SYS_SOCKET_H -DHAVE_SYS_SOCKIO_H -DHAVE_SYS_STAT_H -DHAVE_SYS_TIME_H -DHAVE_SYS_TYPES_H -DHAVE_SYS_UN_H -DHAVE_SYS_XATTR_H -DHAVE_ARPA_INET_H -DHAVE_ARPA_TFTP_H -DHAVE_FCNTL_H -DHAVE_IFADDRS_H -DHAVE_LIBGEN_H -DHAVE_LOCALE_H -DHAVE_NET_IF_H -DHAVE_NETDB_H -DHAVE_NETINET_IN_H -DHAVE_NETINET_TCP_H -DHAVE_POLL_H -DHAVE_PWD_H -DHAVE_SETJMP_H -DHAVE_SIGNAL_H -DHAVE_STDATOMIC_H -DHAVE_STDBOOL_H -DHAVE_STDINT_H -DHAVE_STDLIB_H -DHAVE_STRING_H -DHAVE_STRINGS_H -DHAVE_TERMIOS_H -DHAVE_TIME_H -DHAVE_UNISTD_H -DHAVE_UTIME_H -DHAVE_STDDEF_H -DHAVE_STDINT_H -DHAVE_SYS_UTSNAME_H -arch arm64 -isysroot /Library/Developer/CommandLineTools/SDKs/MacOSX13.1.sdk -MD -MT CMakeFiles/cmTC_08123.dir/CurlTests.c.o -MF CMakeFiles/cmTC_08123.dir/CurlTests.c.o.d -o CMakeFiles/cmTC_08123.dir/CurlTests.c.o -c /Users/tabby/Desktop/projects/C++/MCNameSeeker/NameSeeker/vendor/curl/CMake/CurlTests.c
/Users/tabby/Desktop/projects/C++/MCNameSeeker/NameSeeker/vendor/curl/CMake/CurlTests.c:92:9: warning: initializing 'char *' with an expression of type 'const char[12]' discards qualifiers [-Wincompatible-pointer-types-discards-qualifiers]
  char *address = "example.com";
        ^         ~~~~~~~~~~~~~
/Users/tabby/Desktop/projects/C++/MCNameSeeker/NameSeeker/vendor/curl/CMake/CurlTests.c:114:8: error: implicit declaration of function 'gethostbyname_r' is invalid in C99 [-Werror,-Wimplicit-function-declaration]
  rc = gethostbyname_r(address, &h, buffer, 8192, &h_errnop);
       ^
1 warning and 1 error generated.
make[1]: *** [CMakeFiles/cmTC_08123.dir/CurlTests.c.o] Error 1
make: *** [cmTC_08123/fast] Error 2


Performing Curl Test HAVE_GETHOSTBYNAME_R_6 failed with the following output:
Change Dir: /Users/tabby/Desktop/projects/C++/MCNameSeeker/build/CMakeFiles/CMakeTmp

Run Build Command(s):/usr/bin/make -f Makefile cmTC_1f00c/fast && /Library/Developer/CommandLineTools/usr/bin/make  -f CMakeFiles/cmTC_1f00c.dir/build.make CMakeFiles/cmTC_1f00c.dir/build
Building C object CMakeFiles/cmTC_1f00c.dir/CurlTests.c.o
/Library/Developer/CommandLineTools/usr/bin/cc   -pedantic -Wall -W -Wpointer-arith -Wwrite-strings -Wunused -Wshadow -Winline -Wnested-externs -Wmissing-declarations -Wmissing-prototypes -Wfloat-equal -Wsign-compare -Wundef -Wendif-labels -Wstrict-prototypes -Wdeclaration-after-statement -Wcast-align -Wtype-limits -Wempty-body -Wignored-qualifiers -Wconversion -Wvla -Wdouble-promotion -Wenum-conversion -Wno-long-long -Wno-multichar -Wno-format-nonliteral -Wno-sign-conversion -Wno-system-headers -DHAVE_GETHOSTBYNAME_R_6  -DHAVE_LDAP_H -DHAVE_LBER_H -DHAVE_INTTYPES_H -DHAVE_SYS_FILIO_H -DHAVE_SYS_IOCTL_H -DHAVE_SYS_PARAM_H -DHAVE_SYS_POLL_H -DHAVE_SYS_RESOURCE_H -DHAVE_SYS_SELECT_H -DHAVE_SYS_SOCKET_H -DHAVE_SYS_SOCKIO_H -DHAVE_SYS_STAT_H -DHAVE_SYS_TIME_H -DHAVE_SYS_TYPES_H -DHAVE_SYS_UN_H -DHAVE_SYS_XATTR_H -DHAVE_ARPA_INET_H -DHAVE_ARPA_TFTP_H -DHAVE_FCNTL_H -DHAVE_IFADDRS_H -DHAVE_LIBGEN_H -DHAVE_LOCALE_H -DHAVE_NET_IF_H -DHAVE_NETDB_H -DHAVE_NETINET_IN_H -DHAVE_NETINET_TCP_H -DHAVE_POLL_H -DHAVE_PWD_H -DHAVE_SETJMP_H -DHAVE_SIGNAL_H -DHAVE_STDATOMIC_H -DHAVE_STDBOOL_H -DHAVE_STDINT_H -DHAVE_STDLIB_H -DHAVE_STRING_H -DHAVE_STRINGS_H -DHAVE_TERMIOS_H -DHAVE_TIME_H -DHAVE_UNISTD_H -DHAVE_UTIME_H -DHAVE_STDDEF_H -DHAVE_STDINT_H -DHAVE_SYS_UTSNAME_H -arch arm64 -isysroot /Library/Developer/CommandLineTools/SDKs/MacOSX13.1.sdk -MD -MT CMakeFiles/cmTC_1f00c.dir/CurlTests.c.o -MF CMakeFiles/cmTC_1f00c.dir/CurlTests.c.o.d -o CMakeFiles/cmTC_1f00c.dir/CurlTests.c.o -c /Users/tabby/Desktop/projects/C++/MCNameSeeker/NameSeeker/vendor/curl/CMake/CurlTests.c
/Users/tabby/Desktop/projects/C++/MCNameSeeker/NameSeeker/vendor/curl/CMake/CurlTests.c:92:9: warning: initializing 'char *' with an expression of type 'const char[12]' discards qualifiers [-Wincompatible-pointer-types-discards-qualifiers]
  char *address = "example.com";
        ^         ~~~~~~~~~~~~~
/Users/tabby/Desktop/projects/C++/MCNameSeeker/NameSeeker/vendor/curl/CMake/CurlTests.c:118:8: error: implicit declaration of function 'gethostbyname_r' is invalid in C99 [-Werror,-Wimplicit-function-declaration]
  rc = gethostbyname_r(address, &h, buffer, 8192, &hp, &h_errnop);
       ^
1 warning and 1 error generated.
make[1]: *** [CMakeFiles/cmTC_1f00c.dir/CurlTests.c.o] Error 1
make: *** [cmTC_1f00c/fast] Error 2


Performing Curl Test HAVE_GETHOSTBYNAME_R_3_REENTRANT failed with the following output:
Change Dir: /Users/tabby/Desktop/projects/C++/MCNameSeeker/build/CMakeFiles/CMakeTmp

Run Build Command(s):/usr/bin/make -f Makefile cmTC_e6506/fast && /Library/Developer/CommandLineTools/usr/bin/make  -f CMakeFiles/cmTC_e6506.dir/build.make CMakeFiles/cmTC_e6506.dir/build
Building C object CMakeFiles/cmTC_e6506.dir/CurlTests.c.o
/Library/Developer/CommandLineTools/usr/bin/cc   -pedantic -Wall -W -Wpointer-arith -Wwrite-strings -Wunused -Wshadow -Winline -Wnested-externs -Wmissing-declarations -Wmissing-prototypes -Wfloat-equal -Wsign-compare -Wundef -Wendif-labels -Wstrict-prototypes -Wdeclaration-after-statement -Wcast-align -Wtype-limits -Wempty-body -Wignored-qualifiers -Wconversion -Wvla -Wdouble-promotion -Wenum-conversion -Wno-long-long -Wno-multichar -Wno-format-nonliteral -Wno-sign-conversion -Wno-system-headers -DHAVE_GETHOSTBYNAME_R_3_REENTRANT  -DHAVE_LDAP_H -DHAVE_LBER_H -DHAVE_INTTYPES_H -DHAVE_SYS_FILIO_H -DHAVE_SYS_IOCTL_H -DHAVE_SYS_PARAM_H -DHAVE_SYS_POLL_H -DHAVE_SYS_RESOURCE_H -DHAVE_SYS_SELECT_H -DHAVE_SYS_SOCKET_H -DHAVE_SYS_SOCKIO_H -DHAVE_SYS_STAT_H -DHAVE_SYS_TIME_H -DHAVE_SYS_TYPES_H -DHAVE_SYS_UN_H -DHAVE_SYS_XATTR_H -DHAVE_ARPA_INET_H -DHAVE_ARPA_TFTP_H -DHAVE_FCNTL_H -DHAVE_IFADDRS_H -DHAVE_LIBGEN_H -DHAVE_LOCALE_H -DHAVE_NET_IF_H -DHAVE_NETDB_H -DHAVE_NETINET_IN_H -DHAVE_NETINET_TCP_H -DHAVE_POLL_H -DHAVE_PWD_H -DHAVE_SETJMP_H -DHAVE_SIGNAL_H -DHAVE_STDATOMIC_H -DHAVE_STDBOOL_H -DHAVE_STDINT_H -DHAVE_STDLIB_H -DHAVE_STRING_H -DHAVE_STRINGS_H -DHAVE_TERMIOS_H -DHAVE_TIME_H -DHAVE_UNISTD_H -DHAVE_UTIME_H -DHAVE_STDDEF_H -DHAVE_STDINT_H -DHAVE_SYS_UTSNAME_H -arch arm64 -isysroot /Library/Developer/CommandLineTools/SDKs/MacOSX13.1.sdk -MD -MT CMakeFiles/cmTC_e6506.dir/CurlTests.c.o -MF CMakeFiles/cmTC_e6506.dir/CurlTests.c.o.d -o CMakeFiles/cmTC_e6506.dir/CurlTests.c.o -c /Users/tabby/Desktop/projects/C++/MCNameSeeker/NameSeeker/vendor/curl/CMake/CurlTests.c
/Users/tabby/Desktop/projects/C++/MCNameSeeker/NameSeeker/vendor/curl/CMake/CurlTests.c:92:9: warning: initializing 'char *' with an expression of type 'const char[12]' discards qualifiers [-Wincompatible-pointer-types-discards-qualifiers]
  char *address = "example.com";
        ^         ~~~~~~~~~~~~~
/Users/tabby/Desktop/projects/C++/MCNameSeeker/NameSeeker/vendor/curl/CMake/CurlTests.c:99:23: error: variable has incomplete type 'struct hostent_data'
  struct hostent_data hdata;
                      ^
/Users/tabby/Desktop/projects/C++/MCNameSeeker/NameSeeker/vendor/curl/CMake/CurlTests.c:99:10: note: forward declaration of 'struct hostent_data'
  struct hostent_data hdata;
         ^
/Users/tabby/Desktop/projects/C++/MCNameSeeker/NameSeeker/vendor/curl/CMake/CurlTests.c:111:8: error: implicit declaration of function 'gethostbyname_r' is invalid in C99 [-Werror,-Wimplicit-function-declaration]
  rc = gethostbyname_r(address, &h, &hdata);
       ^
1 warning and 2 errors generated.
make[1]: *** [CMakeFiles/cmTC_e6506.dir/CurlTests.c.o] Error 1
make: *** [cmTC_e6506/fast] Error 2


Performing Curl Test HAVE_GETHOSTBYNAME_R_5_REENTRANT failed with the following output:
Change Dir: /Users/tabby/Desktop/projects/C++/MCNameSeeker/build/CMakeFiles/CMakeTmp

Run Build Command(s):/usr/bin/make -f Makefile cmTC_f4111/fast && /Library/Developer/CommandLineTools/usr/bin/make  -f CMakeFiles/cmTC_f4111.dir/build.make CMakeFiles/cmTC_f4111.dir/build
Building C object CMakeFiles/cmTC_f4111.dir/CurlTests.c.o
/Library/Developer/CommandLineTools/usr/bin/cc   -pedantic -Wall -W -Wpointer-arith -Wwrite-strings -Wunused -Wshadow -Winline -Wnested-externs -Wmissing-declarations -Wmissing-prototypes -Wfloat-equal -Wsign-compare -Wundef -Wendif-labels -Wstrict-prototypes -Wdeclaration-after-statement -Wcast-align -Wtype-limits -Wempty-body -Wignored-qualifiers -Wconversion -Wvla -Wdouble-promotion -Wenum-conversion -Wno-long-long -Wno-multichar -Wno-format-nonliteral -Wno-sign-conversion -Wno-system-headers -DHAVE_GETHOSTBYNAME_R_5_REENTRANT  -DHAVE_LDAP_H -DHAVE_LBER_H -DHAVE_INTTYPES_H -DHAVE_SYS_FILIO_H -DHAVE_SYS_IOCTL_H -DHAVE_SYS_PARAM_H -DHAVE_SYS_POLL_H -DHAVE_SYS_RESOURCE_H -DHAVE_SYS_SELECT_H -DHAVE_SYS_SOCKET_H -DHAVE_SYS_SOCKIO_H -DHAVE_SYS_STAT_H -DHAVE_SYS_TIME_H -DHAVE_SYS_TYPES_H -DHAVE_SYS_UN_H -DHAVE_SYS_XATTR_H -DHAVE_ARPA_INET_H -DHAVE_ARPA_TFTP_H -DHAVE_FCNTL_H -DHAVE_IFADDRS_H -DHAVE_LIBGEN_H -DHAVE_LOCALE_H -DHAVE_NET_IF_H -DHAVE_NETDB_H -DHAVE_NETINET_IN_H -DHAVE_NETINET_TCP_H -DHAVE_POLL_H -DHAVE_PWD_H -DHAVE_SETJMP_H -DHAVE_SIGNAL_H -DHAVE_STDATOMIC_H -DHAVE_STDBOOL_H -DHAVE_STDINT_H -DHAVE_STDLIB_H -DHAVE_STRING_H -DHAVE_STRINGS_H -DHAVE_TERMIOS_H -DHAVE_TIME_H -DHAVE_UNISTD_H -DHAVE_UTIME_H -DHAVE_STDDEF_H -DHAVE_STDINT_H -DHAVE_SYS_UTSNAME_H -arch arm64 -isysroot /Library/Developer/CommandLineTools/SDKs/MacOSX13.1.sdk -MD -MT CMakeFiles/cmTC_f4111.dir/CurlTests.c.o -MF CMakeFiles/cmTC_f4111.dir/CurlTests.c.o.d -o CMakeFiles/cmTC_f4111.dir/CurlTests.c.o -c /Users/tabby/Desktop/projects/C++/MCNameSeeker/NameSeeker/vendor/curl/CMake/CurlTests.c
/Users/tabby/Desktop/projects/C++/MCNameSeeker/NameSeeker/vendor/curl/CMake/CurlTests.c:92:9: warning: initializing 'char *' with an expression of type 'const char[12]' discards qualifiers [-Wincompatible-pointer-types-discards-qualifiers]
  char *address = "example.com";
        ^         ~~~~~~~~~~~~~
/Users/tabby/Desktop/projects/C++/MCNameSeeker/NameSeeker/vendor/curl/CMake/CurlTests.c:114:8: error: implicit declaration of function 'gethostbyname_r' is invalid in C99 [-Werror,-Wimplicit-function-declaration]
  rc = gethostbyname_r(address, &h, buffer, 8192, &h_errnop);
       ^
1 warning and 1 error generated.
make[1]: *** [CMakeFiles/cmTC_f4111.dir/CurlTests.c.o] Error 1
make: *** [cmTC_f4111/fast] Error 2


Performing Curl Test HAVE_GETHOSTBYNAME_R_6_REENTRANT failed with the following output:
Change Dir: /Users/tabby/Desktop/projects/C++/MCNameSeeker/build/CMakeFiles/CMakeTmp

Run Build Command(s):/usr/bin/make -f Makefile cmTC_33637/fast && /Library/Developer/CommandLineTools/usr/bin/make  -f CMakeFiles/cmTC_33637.dir/build.make CMakeFiles/cmTC_33637.dir/build
Building C object CMakeFiles/cmTC_33637.dir/CurlTests.c.o
/Library/Developer/CommandLineTools/usr/bin/cc   -pedantic -Wall -W -Wpointer-arith -Wwrite-strings -Wunused -Wshadow -Winline -Wnested-externs -Wmissing-declarations -Wmissing-prototypes -Wfloat-equal -Wsign-compare -Wundef -Wendif-labels -Wstrict-prototypes -Wdeclaration-after-statement -Wcast-align -Wtype-limits -Wempty-body -Wignored-qualifiers -Wconversion -Wvla -Wdouble-promotion -Wenum-conversion -Wno-long-long -Wno-multichar -Wno-format-nonliteral -Wno-sign-conversion -Wno-system-headers -DHAVE_GETHOSTBYNAME_R_6_REENTRANT  -DHAVE_LDAP_H -DHAVE_LBER_H -DHAVE_INTTYPES_H -DHAVE_SYS_FILIO_H -DHAVE_SYS_IOCTL_H -DHAVE_SYS_PARAM_H -DHAVE_SYS_POLL_H -DHAVE_SYS_RESOURCE_H -DHAVE_SYS_SELECT_H -DHAVE_SYS_SOCKET_H -DHAVE_SYS_SOCKIO_H -DHAVE_SYS_STAT_H -DHAVE_SYS_TIME_H -DHAVE_SYS_TYPES_H -DHAVE_SYS_UN_H -DHAVE_SYS_XATTR_H -DHAVE_ARPA_INET_H -DHAVE_ARPA_TFTP_H -DHAVE_FCNTL_H -DHAVE_IFADDRS_H -DHAVE_LIBGEN_H -DHAVE_LOCALE_H -DHAVE_NET_IF_H -DHAVE_NETDB_H -DHAVE_NETINET_IN_H -DHAVE_NETINET_TCP_H -DHAVE_POLL_H -DHAVE_PWD_H -DHAVE_SETJMP_H -DHAVE_SIGNAL_H -DHAVE_STDATOMIC_H -DHAVE_STDBOOL_H -DHAVE_STDINT_H -DHAVE_STDLIB_H -DHAVE_STRING_H -DHAVE_STRINGS_H -DHAVE_TERMIOS_H -DHAVE_TIME_H -DHAVE_UNISTD_H -DHAVE_UTIME_H -DHAVE_STDDEF_H -DHAVE_STDINT_H -DHAVE_SYS_UTSNAME_H -arch arm64 -isysroot /Library/Developer/CommandLineTools/SDKs/MacOSX13.1.sdk -MD -MT CMakeFiles/cmTC_33637.dir/CurlTests.c.o -MF CMakeFiles/cmTC_33637.dir/CurlTests.c.o.d -o CMakeFiles/cmTC_33637.dir/CurlTests.c.o -c /Users/tabby/Desktop/projects/C++/MCNameSeeker/NameSeeker/vendor/curl/CMake/CurlTests.c
/Users/tabby/Desktop/projects/C++/MCNameSeeker/NameSeeker/vendor/curl/CMake/CurlTests.c:92:9: warning: initializing 'char *' with an expression of type 'const char[12]' discards qualifiers [-Wincompatible-pointer-types-discards-qualifiers]
  char *address = "example.com";
        ^         ~~~~~~~~~~~~~
/Users/tabby/Desktop/projects/C++/MCNameSeeker/NameSeeker/vendor/curl/CMake/CurlTests.c:118:8: error: implicit declaration of function 'gethostbyname_r' is invalid in C99 [-Werror,-Wimplicit-function-declaration]
  rc = gethostbyname_r(address, &h, buffer, 8192, &hp, &h_errnop);
       ^
1 warning and 1 error generated.
make[1]: *** [CMakeFiles/cmTC_33637.dir/CurlTests.c.o] Error 1
make: *** [cmTC_33637/fast] Error 2


Performing Curl Test HAVE_GLIBC_STRERROR_R failed with the following output:
Change Dir: /Users/tabby/Desktop/projects/C++/MCNameSeeker/build/CMakeFiles/CMakeTmp

Run Build Command(s):/usr/bin/make -f Makefile cmTC_3e3aa/fast && /Library/Developer/CommandLineTools/usr/bin/make  -f CMakeFiles/cmTC_3e3aa.dir/build.make CMakeFiles/cmTC_3e3aa.dir/build
Building C object CMakeFiles/cmTC_3e3aa.dir/CurlTests.c.o
/Library/Developer/CommandLineTools/usr/bin/cc   -pedantic -Wall -W -Wpointer-arith -Wwrite-strings -Wunused -Wshadow -Winline -Wnested-externs -Wmissing-declarations -Wmissing-prototypes -Wfloat-equal -Wsign-compare -Wundef -Wendif-labels -Wstrict-prototypes -Wdeclaration-after-statement -Wcast-align -Wtype-limits -Wempty-body -Wignored-qualifiers -Wconversion -Wvla -Wdouble-promotion -Wenum-conversion -Wno-long-long -Wno-multichar -Wno-format-nonliteral -Wno-sign-conversion -Wno-system-headers -DHAVE_GLIBC_STRERROR_R  -DHAVE_LDAP_H -DHAVE_LBER_H -DHAVE_INTTYPES_H -DHAVE_SYS_FILIO_H -DHAVE_SYS_IOCTL_H -DHAVE_SYS_PARAM_H -DHAVE_SYS_POLL_H -DHAVE_SYS_RESOURCE_H -DHAVE_SYS_SELECT_H -DHAVE_SYS_SOCKET_H -DHAVE_SYS_SOCKIO_H -DHAVE_SYS_STAT_H -DHAVE_SYS_TIME_H -DHAVE_SYS_TYPES_H -DHAVE_SYS_UN_H -DHAVE_SYS_XATTR_H -DHAVE_ARPA_INET_H -DHAVE_ARPA_TFTP_H -DHAVE_FCNTL_H -DHAVE_IFADDRS_H -DHAVE_LIBGEN_H -DHAVE_LOCALE_H -DHAVE_NET_IF_H -DHAVE_NETDB_H -DHAVE_NETINET_IN_H -DHAVE_NETINET_TCP_H -DHAVE_POLL_H -DHAVE_PWD_H -DHAVE_SETJMP_H -DHAVE_SIGNAL_H -DHAVE_STDATOMIC_H -DHAVE_STDBOOL_H -DHAVE_STDINT_H -DHAVE_STDLIB_H -DHAVE_STRING_H -DHAVE_STRINGS_H -DHAVE_TERMIOS_H -DHAVE_TIME_H -DHAVE_UNISTD_H -DHAVE_UTIME_H -DHAVE_STDDEF_H -DHAVE_STDINT_H -DHAVE_SYS_UTSNAME_H -arch arm64 -isysroot /Library/Developer/CommandLineTools/SDKs/MacOSX13.1.sdk -MD -MT CMakeFiles/cmTC_3e3aa.dir/CurlTests.c.o -MF CMakeFiles/cmTC_3e3aa.dir/CurlTests.c.o.d -o CMakeFiles/cmTC_3e3aa.dir/CurlTests.c.o -c /Users/tabby/Desktop/projects/C++/MCNameSeeker/NameSeeker/vendor/curl/CMake/CurlTests.c
/Users/tabby/Desktop/projects/C++/MCNameSeeker/NameSeeker/vendor/curl/CMake/CurlTests.c:394:17: warning: unused parameter 'c' [-Wunused-parameter]
void check(char c) {}
                ^
/Users/tabby/Desktop/projects/C++/MCNameSeeker/NameSeeker/vendor/curl/CMake/CurlTests.c:394:6: warning: no previous prototype for function 'check' [-Wmissing-prototypes]
void check(char c) {}
     ^
/Users/tabby/Desktop/projects/C++/MCNameSeeker/NameSeeker/vendor/curl/CMake/CurlTests.c:394:1: note: declare 'static' if the function is not intended to be used outside of this translation unit
void check(char c) {}
^
static 
/Users/tabby/Desktop/projects/C++/MCNameSeeker/NameSeeker/vendor/curl/CMake/CurlTests.c:400:51: error: subscripted value is not an array, pointer, or vector
  check(strerror_r(EACCES, buffer, sizeof(buffer))[0]);
        ~~~~~~~~~~~~~~~~~~~~~~~~~~~~~~~~~~~~~~~~~~^~
2 warnings and 1 error generated.
make[1]: *** [CMakeFiles/cmTC_3e3aa.dir/CurlTests.c.o] Error 1
make: *** [cmTC_3e3aa/fast] Error 2


